08-Sep-2022 07:36:56.701 信息 [main] org.apache.catalina.startup.VersionLoggerListener.log Server.服务器版本: Apache Tomcat/8.5.82
08-Sep-2022 07:36:56.775 信息 [main] org.apache.catalina.startup.VersionLoggerListener.log 服务器构建:        Aug 8 2022 21:26:07 UTC
08-Sep-2022 07:36:56.775 信息 [main] org.apache.catalina.startup.VersionLoggerListener.log 服务器版本号:      8.5.82.0
08-Sep-2022 07:36:56.777 信息 [main] org.apache.catalina.startup.VersionLoggerListener.log 操作系统名称:      Windows 10
08-Sep-2022 07:36:56.778 信息 [main] org.apache.catalina.startup.VersionLoggerListener.log OS.版本:           10.0
08-Sep-2022 07:36:56.778 信息 [main] org.apache.catalina.startup.VersionLoggerListener.log 架构:              amd64
08-Sep-2022 07:36:56.778 信息 [main] org.apache.catalina.startup.VersionLoggerListener.log Java 环境变量:     C:\Program Files\Java\jdk1.8.0_202\jre
08-Sep-2022 07:36:56.778 信息 [main] org.apache.catalina.startup.VersionLoggerListener.log Java虚拟机版本:    1.8.0_202-b08
08-Sep-2022 07:36:56.778 信息 [main] org.apache.catalina.startup.VersionLoggerListener.log JVM.供应商:        Oracle Corporation
08-Sep-2022 07:36:56.778 信息 [main] org.apache.catalina.startup.VersionLoggerListener.log CATALINA_BASE:     D:\tomcat8
08-Sep-2022 07:36:56.779 信息 [main] org.apache.catalina.startup.VersionLoggerListener.log CATALINA_HOME:     D:\tomcat8
08-Sep-2022 07:36:56.779 信息 [main] org.apache.catalina.startup.VersionLoggerListener.log 命令行参数：       -Djava.util.logging.config.file=D:\tomcat8\conf\logging.properties
08-Sep-2022 07:36:56.779 信息 [main] org.apache.catalina.startup.VersionLoggerListener.log 命令行参数：       -Djava.util.logging.manager=org.apache.juli.ClassLoaderLogManager
08-Sep-2022 07:36:56.779 信息 [main] org.apache.catalina.startup.VersionLoggerListener.log 命令行参数：       -Djdk.tls.ephemeralDHKeySize=2048
08-Sep-2022 07:36:56.779 信息 [main] org.apache.catalina.startup.VersionLoggerListener.log 命令行参数：       -Djava.protocol.handler.pkgs=org.apache.catalina.webresources
08-Sep-2022 07:36:56.780 信息 [main] org.apache.catalina.startup.VersionLoggerListener.log 命令行参数：       -Dignore.endorsed.dirs=
08-Sep-2022 07:36:56.780 信息 [main] org.apache.catalina.startup.VersionLoggerListener.log 命令行参数：       -Dcatalina.base=D:\tomcat8
08-Sep-2022 07:36:56.781 信息 [main] org.apache.catalina.startup.VersionLoggerListener.log 命令行参数：       -Dcatalina.home=D:\tomcat8
08-Sep-2022 07:36:56.781 信息 [main] org.apache.catalina.startup.VersionLoggerListener.log 命令行参数：       -Djava.io.tmpdir=D:\tomcat8\temp
08-Sep-2022 07:36:56.782 信息 [main] org.apache.catalina.core.AprLifecycleListener.lifecycleEvent 使用APR版本[1.7.0]加载了基于APR的Apache Tomcat本机库[1.2.35]。
08-Sep-2022 07:36:56.783 信息 [main] org.apache.catalina.core.AprLifecycleListener.lifecycleEvent APR功能：IPv6[true]、sendfile[true]、accept filters[false]、random[true]、UDS [{4}]。
08-Sep-2022 07:36:56.784 信息 [main] org.apache.catalina.core.AprLifecycleListener.lifecycleEvent APR/OpenSSL配置：useAprConnector[false]，useOpenSSL[true]
08-Sep-2022 07:36:56.788 信息 [main] org.apache.catalina.core.AprLifecycleListener.initializeSSL OpenSSL成功初始化 [OpenSSL 1.1.1q  5 Jul 2022]
08-Sep-2022 07:36:57.008 信息 [main] org.apache.coyote.AbstractProtocol.init 初始化协议处理器 ["http-nio-8080"]
08-Sep-2022 07:36:57.069 信息 [main] org.apache.catalina.startup.Catalina.load Initialization processed in 1000 ms
08-Sep-2022 07:36:57.100 信息 [main] org.apache.catalina.core.StandardService.startInternal 正在启动服务[Catalina]
08-Sep-2022 07:36:57.110 信息 [main] org.apache.catalina.core.StandardEngine.startInternal 正在启动 Servlet 引擎：[Apache Tomcat/8.5.82]
08-Sep-2022 07:36:57.119 信息 [localhost-startStop-1] org.apache.catalina.startup.HostConfig.deployDirectory 把web 应用程序部署到目录 [D:\tomcat8\webapps\docs]
08-Sep-2022 07:36:57.391 警告 [localhost-startStop-1] org.apache.catalina.util.SessionIdGeneratorBase.createSecureRandom 使用[SHA1PRNG]创建会话ID生成的SecureRandom实例花费了[139]毫秒。
08-Sep-2022 07:36:57.513 信息 [localhost-startStop-1] org.apache.catalina.startup.HostConfig.deployDirectory Web应用程序目录[D:\tomcat8\webapps\docs]的部署已在[394]毫秒内完成
08-Sep-2022 07:36:57.514 信息 [localhost-startStop-1] org.apache.catalina.startup.HostConfig.deployDirectory 把web 应用程序部署到目录 [D:\tomcat8\webapps\examples]
08-Sep-2022 07:36:58.618 信息 [localhost-startStop-1] org.apache.catalina.startup.HostConfig.deployDirectory Web应用程序目录[D:\tomcat8\webapps\examples]的部署已在[1,104]毫秒内完成
08-Sep-2022 07:36:58.620 信息 [localhost-startStop-1] org.apache.catalina.startup.HostConfig.deployDirectory 把web 应用程序部署到目录 [D:\tomcat8\webapps\host-manager]
08-Sep-2022 07:36:58.639 信息 [localhost-startStop-1] org.apache.catalina.startup.HostConfig.deployDirectory Web应用程序目录[D:\tomcat8\webapps\host-manager]的部署已在[19]毫秒内完成
08-Sep-2022 07:36:58.639 信息 [localhost-startStop-1] org.apache.catalina.startup.HostConfig.deployDirectory 把web 应用程序部署到目录 [D:\tomcat8\webapps\manager]
08-Sep-2022 07:36:58.653 信息 [localhost-startStop-1] org.apache.catalina.startup.HostConfig.deployDirectory Web应用程序目录[D:\tomcat8\webapps\manager]的部署已在[14]毫秒内完成
08-Sep-2022 07:36:58.653 信息 [localhost-startStop-1] org.apache.catalina.startup.HostConfig.deployDirectory 把web 应用程序部署到目录 [D:\tomcat8\webapps\ROOT]
08-Sep-2022 07:36:58.665 信息 [localhost-startStop-1] org.apache.catalina.startup.HostConfig.deployDirectory Web应用程序目录[D:\tomcat8\webapps\ROOT]的部署已在[12]毫秒内完成
08-Sep-2022 07:36:58.669 信息 [main] org.apache.coyote.AbstractProtocol.start 开始协议处理句柄["http-nio-8080"]
08-Sep-2022 07:36:58.761 信息 [main] org.apache.catalina.startup.Catalina.start Server startup in 1691 ms
08-Sep-2022 07:40:10.466 信息 [main] org.apache.catalina.startup.VersionLoggerListener.log Server.服务器版本: Apache Tomcat/8.5.82
08-Sep-2022 07:40:10.476 信息 [main] org.apache.catalina.startup.VersionLoggerListener.log 服务器构建:        Aug 8 2022 21:26:07 UTC
08-Sep-2022 07:40:10.476 信息 [main] org.apache.catalina.startup.VersionLoggerListener.log 服务器版本号:      8.5.82.0
08-Sep-2022 07:40:10.478 信息 [main] org.apache.catalina.startup.VersionLoggerListener.log 操作系统名称:      Windows 10
08-Sep-2022 07:40:10.478 信息 [main] org.apache.catalina.startup.VersionLoggerListener.log OS.版本:           10.0
08-Sep-2022 07:40:10.478 信息 [main] org.apache.catalina.startup.VersionLoggerListener.log 架构:              amd64
08-Sep-2022 07:40:10.478 信息 [main] org.apache.catalina.startup.VersionLoggerListener.log Java 环境变量:     C:\Program Files\Java\jdk1.8.0_202\jre
08-Sep-2022 07:40:10.478 信息 [main] org.apache.catalina.startup.VersionLoggerListener.log Java虚拟机版本:    1.8.0_202-b08
08-Sep-2022 07:40:10.478 信息 [main] org.apache.catalina.startup.VersionLoggerListener.log JVM.供应商:        Oracle Corporation
08-Sep-2022 07:40:10.478 信息 [main] org.apache.catalina.startup.VersionLoggerListener.log CATALINA_BASE:     D:\tomcat8
08-Sep-2022 07:40:10.478 信息 [main] org.apache.catalina.startup.VersionLoggerListener.log CATALINA_HOME:     D:\tomcat8
08-Sep-2022 07:40:10.478 信息 [main] org.apache.catalina.startup.VersionLoggerListener.log 命令行参数：       -Djava.util.logging.config.file=D:\tomcat8\conf\logging.properties
08-Sep-2022 07:40:10.479 信息 [main] org.apache.catalina.startup.VersionLoggerListener.log 命令行参数：       -Djava.util.logging.manager=org.apache.juli.ClassLoaderLogManager
08-Sep-2022 07:40:10.479 信息 [main] org.apache.catalina.startup.VersionLoggerListener.log 命令行参数：       -Djdk.tls.ephemeralDHKeySize=2048
08-Sep-2022 07:40:10.479 信息 [main] org.apache.catalina.startup.VersionLoggerListener.log 命令行参数：       -Djava.protocol.handler.pkgs=org.apache.catalina.webresources
08-Sep-2022 07:40:10.479 信息 [main] org.apache.catalina.startup.VersionLoggerListener.log 命令行参数：       -Dignore.endorsed.dirs=
08-Sep-2022 07:40:10.480 信息 [main] org.apache.catalina.startup.VersionLoggerListener.log 命令行参数：       -Dcatalina.base=D:\tomcat8
08-Sep-2022 07:40:10.481 信息 [main] org.apache.catalina.startup.VersionLoggerListener.log 命令行参数：       -Dcatalina.home=D:\tomcat8
08-Sep-2022 07:40:10.481 信息 [main] org.apache.catalina.startup.VersionLoggerListener.log 命令行参数：       -Djava.io.tmpdir=D:\tomcat8\temp
08-Sep-2022 07:40:10.481 信息 [main] org.apache.catalina.core.AprLifecycleListener.lifecycleEvent 使用APR版本[1.7.0]加载了基于APR的Apache Tomcat本机库[1.2.35]。
08-Sep-2022 07:40:10.482 信息 [main] org.apache.catalina.core.AprLifecycleListener.lifecycleEvent APR功能：IPv6[true]、sendfile[true]、accept filters[false]、random[true]、UDS [{4}]。
08-Sep-2022 07:40:10.483 信息 [main] org.apache.catalina.core.AprLifecycleListener.lifecycleEvent APR/OpenSSL配置：useAprConnector[false]，useOpenSSL[true]
08-Sep-2022 07:40:10.487 信息 [main] org.apache.catalina.core.AprLifecycleListener.initializeSSL OpenSSL成功初始化 [OpenSSL 1.1.1q  5 Jul 2022]
08-Sep-2022 07:40:10.689 信息 [main] org.apache.coyote.AbstractProtocol.init 初始化协议处理器 ["http-nio-8080"]
08-Sep-2022 07:40:10.702 信息 [main] org.apache.catalina.startup.Catalina.load Initialization processed in 438 ms
08-Sep-2022 07:40:10.718 信息 [main] org.apache.catalina.core.StandardService.startInternal 正在启动服务[Catalina]
08-Sep-2022 07:40:10.718 信息 [main] org.apache.catalina.core.StandardEngine.startInternal 正在启动 Servlet 引擎：[Apache Tomcat/8.5.82]
08-Sep-2022 07:40:10.725 信息 [localhost-startStop-1] org.apache.catalina.startup.HostConfig.deployDirectory 把web 应用程序部署到目录 [D:\tomcat8\webapps\docs]
08-Sep-2022 07:40:10.964 警告 [localhost-startStop-1] org.apache.catalina.util.SessionIdGeneratorBase.createSecureRandom 使用[SHA1PRNG]创建会话ID生成的SecureRandom实例花费了[133]毫秒。
08-Sep-2022 07:40:10.977 信息 [localhost-startStop-1] org.apache.catalina.startup.HostConfig.deployDirectory Web应用程序目录[D:\tomcat8\webapps\docs]的部署已在[252]毫秒内完成
08-Sep-2022 07:40:10.978 信息 [localhost-startStop-1] org.apache.catalina.startup.HostConfig.deployDirectory 把web 应用程序部署到目录 [D:\tomcat8\webapps\examples]
08-Sep-2022 07:40:11.155 信息 [localhost-startStop-1] org.apache.catalina.startup.HostConfig.deployDirectory Web应用程序目录[D:\tomcat8\webapps\examples]的部署已在[177]毫秒内完成
08-Sep-2022 07:40:11.157 信息 [localhost-startStop-1] org.apache.catalina.startup.HostConfig.deployDirectory 把web 应用程序部署到目录 [D:\tomcat8\webapps\host-manager]
08-Sep-2022 07:40:11.177 信息 [localhost-startStop-1] org.apache.catalina.startup.HostConfig.deployDirectory Web应用程序目录[D:\tomcat8\webapps\host-manager]的部署已在[20]毫秒内完成
08-Sep-2022 07:40:11.177 信息 [localhost-startStop-1] org.apache.catalina.startup.HostConfig.deployDirectory 把web 应用程序部署到目录 [D:\tomcat8\webapps\manager]
08-Sep-2022 07:40:11.192 信息 [localhost-startStop-1] org.apache.catalina.startup.HostConfig.deployDirectory Web应用程序目录[D:\tomcat8\webapps\manager]的部署已在[15]毫秒内完成
08-Sep-2022 07:40:11.193 信息 [localhost-startStop-1] org.apache.catalina.startup.HostConfig.deployDirectory 把web 应用程序部署到目录 [D:\tomcat8\webapps\ROOT]
08-Sep-2022 07:40:11.203 信息 [localhost-startStop-1] org.apache.catalina.startup.HostConfig.deployDirectory Web应用程序目录[D:\tomcat8\webapps\ROOT]的部署已在[10]毫秒内完成
08-Sep-2022 07:40:11.206 信息 [main] org.apache.coyote.AbstractProtocol.start 开始协议处理句柄["http-nio-8080"]
08-Sep-2022 07:40:11.241 信息 [main] org.apache.catalina.startup.Catalina.start Server startup in 538 ms
08-Sep-2022 07:46:13.771 信息 [main] org.apache.catalina.core.StandardServer.await 通过关闭端口接收到有效的关闭命令。正在停止服务器实例。
08-Sep-2022 07:46:23.043 信息 [main] org.apache.catalina.startup.VersionLoggerListener.log Server.服务器版本: Apache Tomcat/8.5.82
08-Sep-2022 07:46:23.053 信息 [main] org.apache.catalina.startup.VersionLoggerListener.log 服务器构建:        Aug 8 2022 21:26:07 UTC
08-Sep-2022 07:46:23.053 信息 [main] org.apache.catalina.startup.VersionLoggerListener.log 服务器版本号:      8.5.82.0
08-Sep-2022 07:46:23.053 信息 [main] org.apache.catalina.startup.VersionLoggerListener.log 操作系统名称:      Windows 10
08-Sep-2022 07:46:23.053 信息 [main] org.apache.catalina.startup.VersionLoggerListener.log OS.版本:           10.0
08-Sep-2022 07:46:23.054 信息 [main] org.apache.catalina.startup.VersionLoggerListener.log 架构:              amd64
08-Sep-2022 07:46:23.054 信息 [main] org.apache.catalina.startup.VersionLoggerListener.log Java 环境变量:     C:\Program Files\Java\jdk1.8.0_202\jre
08-Sep-2022 07:46:23.054 信息 [main] org.apache.catalina.startup.VersionLoggerListener.log Java虚拟机版本:    1.8.0_202-b08
08-Sep-2022 07:46:23.054 信息 [main] org.apache.catalina.startup.VersionLoggerListener.log JVM.供应商:        Oracle Corporation
08-Sep-2022 07:46:23.054 信息 [main] org.apache.catalina.startup.VersionLoggerListener.log CATALINA_BASE:     D:\tomcat8
08-Sep-2022 07:46:23.054 信息 [main] org.apache.catalina.startup.VersionLoggerListener.log CATALINA_HOME:     D:\tomcat8
08-Sep-2022 07:46:23.055 信息 [main] org.apache.catalina.startup.VersionLoggerListener.log 命令行参数：       -Djava.util.logging.config.file=D:\tomcat8\conf\logging.properties
08-Sep-2022 07:46:23.055 信息 [main] org.apache.catalina.startup.VersionLoggerListener.log 命令行参数：       -Djava.util.logging.manager=org.apache.juli.ClassLoaderLogManager
08-Sep-2022 07:46:23.055 信息 [main] org.apache.catalina.startup.VersionLoggerListener.log 命令行参数：       -Djdk.tls.ephemeralDHKeySize=2048
08-Sep-2022 07:46:23.055 信息 [main] org.apache.catalina.startup.VersionLoggerListener.log 命令行参数：       -Djava.protocol.handler.pkgs=org.apache.catalina.webresources
08-Sep-2022 07:46:23.055 信息 [main] org.apache.catalina.startup.VersionLoggerListener.log 命令行参数：       -Dignore.endorsed.dirs=
08-Sep-2022 07:46:23.056 信息 [main] org.apache.catalina.startup.VersionLoggerListener.log 命令行参数：       -Dcatalina.base=D:\tomcat8
08-Sep-2022 07:46:23.056 信息 [main] org.apache.catalina.startup.VersionLoggerListener.log 命令行参数：       -Dcatalina.home=D:\tomcat8
08-Sep-2022 07:46:23.057 信息 [main] org.apache.catalina.startup.VersionLoggerListener.log 命令行参数：       -Djava.io.tmpdir=D:\tomcat8\temp
08-Sep-2022 07:46:23.057 信息 [main] org.apache.catalina.core.AprLifecycleListener.lifecycleEvent 使用APR版本[1.7.0]加载了基于APR的Apache Tomcat本机库[1.2.35]。
08-Sep-2022 07:46:23.058 信息 [main] org.apache.catalina.core.AprLifecycleListener.lifecycleEvent APR功能：IPv6[true]、sendfile[true]、accept filters[false]、random[true]、UDS [{4}]。
08-Sep-2022 07:46:23.059 信息 [main] org.apache.catalina.core.AprLifecycleListener.lifecycleEvent APR/OpenSSL配置：useAprConnector[false]，useOpenSSL[true]
08-Sep-2022 07:46:23.063 信息 [main] org.apache.catalina.core.AprLifecycleListener.initializeSSL OpenSSL成功初始化 [OpenSSL 1.1.1q  5 Jul 2022]
08-Sep-2022 07:46:23.249 信息 [main] org.apache.coyote.AbstractProtocol.init 初始化协议处理器 ["http-nio-8080"]
08-Sep-2022 07:46:23.256 严重 [main] org.apache.catalina.core.StandardService.initInternal Failed to initialize connector [Connector[HTTP/1.1-8080]]
	org.apache.catalina.LifecycleException: 协议处理程序初始化失败
		at org.apache.catalina.connector.Connector.initInternal(Connector.java:1115)
		at org.apache.catalina.util.LifecycleBase.init(LifecycleBase.java:136)
		at org.apache.catalina.core.StandardService.initInternal(StandardService.java:571)
		at org.apache.catalina.util.LifecycleBase.init(LifecycleBase.java:136)
		at org.apache.catalina.core.StandardServer.initInternal(StandardServer.java:874)
		at org.apache.catalina.util.LifecycleBase.init(LifecycleBase.java:136)
		at org.apache.catalina.startup.Catalina.load(Catalina.java:646)
		at org.apache.catalina.startup.Catalina.load(Catalina.java:669)
		at sun.reflect.NativeMethodAccessorImpl.invoke0(Native Method)
		at sun.reflect.NativeMethodAccessorImpl.invoke(NativeMethodAccessorImpl.java:62)
		at sun.reflect.DelegatingMethodAccessorImpl.invoke(DelegatingMethodAccessorImpl.java:43)
		at java.lang.reflect.Method.invoke(Method.java:498)
		at org.apache.catalina.startup.Bootstrap.load(Bootstrap.java:305)
		at org.apache.catalina.startup.Bootstrap.main(Bootstrap.java:475)
	Caused by: java.net.BindException: Address already in use: bind
		at sun.nio.ch.Net.bind0(Native Method)
		at sun.nio.ch.Net.bind(Net.java:433)
		at sun.nio.ch.Net.bind(Net.java:425)
		at sun.nio.ch.ServerSocketChannelImpl.bind(ServerSocketChannelImpl.java:223)
		at sun.nio.ch.ServerSocketAdaptor.bind(ServerSocketAdaptor.java:74)
		at org.apache.tomcat.util.net.NioEndpoint.initServerSocket(NioEndpoint.java:225)
		at org.apache.tomcat.util.net.NioEndpoint.bind(NioEndpoint.java:201)
		at org.apache.tomcat.util.net.AbstractEndpoint.bindWithCleanup(AbstractEndpoint.java:1221)
		at org.apache.tomcat.util.net.AbstractEndpoint.init(AbstractEndpoint.java:1234)
		at org.apache.tomcat.util.net.AbstractJsseEndpoint.init(AbstractJsseEndpoint.java:230)
		at org.apache.coyote.AbstractProtocol.init(AbstractProtocol.java:633)
		at org.apache.coyote.http11.AbstractHttp11Protocol.init(AbstractHttp11Protocol.java:80)
		at org.apache.catalina.connector.Connector.initInternal(Connector.java:1112)
		... 13 more
08-Sep-2022 07:46:23.257 信息 [main] org.apache.catalina.startup.Catalina.load Initialization processed in 430 ms
08-Sep-2022 07:46:23.270 信息 [main] org.apache.catalina.core.StandardService.startInternal 正在启动服务[Catalina]
08-Sep-2022 07:46:23.272 信息 [main] org.apache.catalina.core.StandardEngine.startInternal 正在启动 Servlet 引擎：[Apache Tomcat/8.5.82]
08-Sep-2022 07:46:23.279 信息 [localhost-startStop-1] org.apache.catalina.startup.HostConfig.deployDirectory 把web 应用程序部署到目录 [D:\tomcat8\webapps\docs]
08-Sep-2022 07:46:23.525 警告 [localhost-startStop-1] org.apache.catalina.util.SessionIdGeneratorBase.createSecureRandom 使用[SHA1PRNG]创建会话ID生成的SecureRandom实例花费了[135]毫秒。
08-Sep-2022 07:46:23.539 信息 [localhost-startStop-1] org.apache.catalina.startup.HostConfig.deployDirectory Web应用程序目录[D:\tomcat8\webapps\docs]的部署已在[261]毫秒内完成
08-Sep-2022 07:46:23.540 信息 [localhost-startStop-1] org.apache.catalina.startup.HostConfig.deployDirectory 把web 应用程序部署到目录 [D:\tomcat8\webapps\examples]
08-Sep-2022 07:46:23.721 信息 [localhost-startStop-1] org.apache.catalina.startup.HostConfig.deployDirectory Web应用程序目录[D:\tomcat8\webapps\examples]的部署已在[181]毫秒内完成
08-Sep-2022 07:46:23.723 信息 [localhost-startStop-1] org.apache.catalina.startup.HostConfig.deployDirectory 把web 应用程序部署到目录 [D:\tomcat8\webapps\host-manager]
08-Sep-2022 07:46:23.743 信息 [localhost-startStop-1] org.apache.catalina.startup.HostConfig.deployDirectory Web应用程序目录[D:\tomcat8\webapps\host-manager]的部署已在[20]毫秒内完成
08-Sep-2022 07:46:23.744 信息 [localhost-startStop-1] org.apache.catalina.startup.HostConfig.deployDirectory 把web 应用程序部署到目录 [D:\tomcat8\webapps\manager]
08-Sep-2022 07:46:23.758 信息 [localhost-startStop-1] org.apache.catalina.startup.HostConfig.deployDirectory Web应用程序目录[D:\tomcat8\webapps\manager]的部署已在[14]毫秒内完成
08-Sep-2022 07:46:23.758 信息 [localhost-startStop-1] org.apache.catalina.startup.HostConfig.deployDirectory 把web 应用程序部署到目录 [D:\tomcat8\webapps\ROOT]
08-Sep-2022 07:46:23.771 信息 [localhost-startStop-1] org.apache.catalina.startup.HostConfig.deployDirectory Web应用程序目录[D:\tomcat8\webapps\ROOT]的部署已在[13]毫秒内完成
08-Sep-2022 07:46:23.773 信息 [main] org.apache.catalina.startup.Catalina.start Server startup in 515 ms
08-Sep-2022 07:46:23.779 严重 [main] org.apache.catalina.core.StandardServer.await 无法在地址[localhost]和端口[8005]上创建服务器关闭套接字（基本端口[8005]和偏移量[0]）
	java.net.BindException: Address already in use: JVM_Bind
		at java.net.DualStackPlainSocketImpl.bind0(Native Method)
		at java.net.DualStackPlainSocketImpl.socketBind(DualStackPlainSocketImpl.java:106)
		at java.net.AbstractPlainSocketImpl.bind(AbstractPlainSocketImpl.java:387)
		at java.net.PlainSocketImpl.bind(PlainSocketImpl.java:190)
		at java.net.ServerSocket.bind(ServerSocket.java:375)
		at java.net.ServerSocket.<init>(ServerSocket.java:237)
		at org.apache.catalina.core.StandardServer.await(StandardServer.java:446)
		at org.apache.catalina.startup.Catalina.await(Catalina.java:783)
		at org.apache.catalina.startup.Catalina.start(Catalina.java:729)
		at sun.reflect.NativeMethodAccessorImpl.invoke0(Native Method)
		at sun.reflect.NativeMethodAccessorImpl.invoke(NativeMethodAccessorImpl.java:62)
		at sun.reflect.DelegatingMethodAccessorImpl.invoke(DelegatingMethodAccessorImpl.java:43)
		at java.lang.reflect.Method.invoke(Method.java:498)
		at org.apache.catalina.startup.Bootstrap.start(Bootstrap.java:345)
		at org.apache.catalina.startup.Bootstrap.main(Bootstrap.java:476)
08-Sep-2022 07:46:23.780 信息 [main] org.apache.coyote.AbstractProtocol.pause 暂停ProtocolHandler["http-nio-8080"]
08-Sep-2022 07:46:23.780 信息 [main] org.apache.catalina.core.StandardService.stopInternal 正在停止服务[Catalina]
08-Sep-2022 07:46:23.793 信息 [main] org.apache.coyote.AbstractProtocol.stop 正在停止ProtocolHandler ["http-nio-8080"]
08-Sep-2022 07:46:23.865 信息 [main] org.apache.coyote.AbstractProtocol.destroy 正在摧毁协议处理器 ["http-nio-8080"]
08-Sep-2022 07:46:36.275 严重 [main] org.apache.catalina.startup.Catalina.stopServer 无法联系[localhost:8005]（基端口[8005]和偏移量[0]）。Tomcat可能不在运行。
08-Sep-2022 07:46:36.331 严重 [main] org.apache.catalina.startup.Catalina.stopServer 停止 Catalina 时出错
	java.net.ConnectException: Connection refused: connect
		at java.net.DualStackPlainSocketImpl.connect0(Native Method)
		at java.net.DualStackPlainSocketImpl.socketConnect(DualStackPlainSocketImpl.java:79)
		at java.net.AbstractPlainSocketImpl.doConnect(AbstractPlainSocketImpl.java:350)
		at java.net.AbstractPlainSocketImpl.connectToAddress(AbstractPlainSocketImpl.java:206)
		at java.net.AbstractPlainSocketImpl.connect(AbstractPlainSocketImpl.java:188)
		at java.net.PlainSocketImpl.connect(PlainSocketImpl.java:172)
		at java.net.SocksSocketImpl.connect(SocksSocketImpl.java:392)
		at java.net.Socket.connect(Socket.java:589)
		at java.net.Socket.connect(Socket.java:538)
		at java.net.Socket.<init>(Socket.java:434)
		at java.net.Socket.<init>(Socket.java:211)
		at org.apache.catalina.startup.Catalina.stopServer(Catalina.java:511)
		at sun.reflect.NativeMethodAccessorImpl.invoke0(Native Method)
		at sun.reflect.NativeMethodAccessorImpl.invoke(NativeMethodAccessorImpl.java:62)
		at sun.reflect.DelegatingMethodAccessorImpl.invoke(DelegatingMethodAccessorImpl.java:43)
		at java.lang.reflect.Method.invoke(Method.java:498)
		at org.apache.catalina.startup.Bootstrap.stopServer(Bootstrap.java:391)
		at org.apache.catalina.startup.Bootstrap.main(Bootstrap.java:481)
08-Sep-2022 07:46:39.698 信息 [main] org.apache.coyote.AbstractProtocol.pause 暂停ProtocolHandler["http-nio-8080"]
08-Sep-2022 07:46:40.018 信息 [main] org.apache.catalina.core.StandardService.stopInternal 正在停止服务[Catalina]
08-Sep-2022 07:46:40.039 信息 [main] org.apache.coyote.AbstractProtocol.stop 正在停止ProtocolHandler ["http-nio-8080"]
08-Sep-2022 07:46:40.053 信息 [main] org.apache.coyote.AbstractProtocol.destroy 正在摧毁协议处理器 ["http-nio-8080"]
08-Sep-2022 07:47:05.755 信息 [main] org.apache.catalina.startup.VersionLoggerListener.log Server.服务器版本: Apache Tomcat/8.5.82
08-Sep-2022 07:47:05.766 信息 [main] org.apache.catalina.startup.VersionLoggerListener.log 服务器构建:        Aug 8 2022 21:26:07 UTC
08-Sep-2022 07:47:05.766 信息 [main] org.apache.catalina.startup.VersionLoggerListener.log 服务器版本号:      8.5.82.0
08-Sep-2022 07:47:05.766 信息 [main] org.apache.catalina.startup.VersionLoggerListener.log 操作系统名称:      Windows 10
08-Sep-2022 07:47:05.766 信息 [main] org.apache.catalina.startup.VersionLoggerListener.log OS.版本:           10.0
08-Sep-2022 07:47:05.766 信息 [main] org.apache.catalina.startup.VersionLoggerListener.log 架构:              amd64
08-Sep-2022 07:47:05.766 信息 [main] org.apache.catalina.startup.VersionLoggerListener.log Java 环境变量:     C:\Program Files\Java\jdk1.8.0_202\jre
08-Sep-2022 07:47:05.767 信息 [main] org.apache.catalina.startup.VersionLoggerListener.log Java虚拟机版本:    1.8.0_202-b08
08-Sep-2022 07:47:05.767 信息 [main] org.apache.catalina.startup.VersionLoggerListener.log JVM.供应商:        Oracle Corporation
08-Sep-2022 07:47:05.767 信息 [main] org.apache.catalina.startup.VersionLoggerListener.log CATALINA_BASE:     D:\tomcat8
08-Sep-2022 07:47:05.767 信息 [main] org.apache.catalina.startup.VersionLoggerListener.log CATALINA_HOME:     D:\tomcat8
08-Sep-2022 07:47:05.767 信息 [main] org.apache.catalina.startup.VersionLoggerListener.log 命令行参数：       -Djava.util.logging.config.file=D:\tomcat8\conf\logging.properties
08-Sep-2022 07:47:05.767 信息 [main] org.apache.catalina.startup.VersionLoggerListener.log 命令行参数：       -Djava.util.logging.manager=org.apache.juli.ClassLoaderLogManager
08-Sep-2022 07:47:05.768 信息 [main] org.apache.catalina.startup.VersionLoggerListener.log 命令行参数：       -Djdk.tls.ephemeralDHKeySize=2048
08-Sep-2022 07:47:05.768 信息 [main] org.apache.catalina.startup.VersionLoggerListener.log 命令行参数：       -Djava.protocol.handler.pkgs=org.apache.catalina.webresources
08-Sep-2022 07:47:05.768 信息 [main] org.apache.catalina.startup.VersionLoggerListener.log 命令行参数：       -Dignore.endorsed.dirs=
08-Sep-2022 07:47:05.768 信息 [main] org.apache.catalina.startup.VersionLoggerListener.log 命令行参数：       -Dcatalina.base=D:\tomcat8
08-Sep-2022 07:47:05.769 信息 [main] org.apache.catalina.startup.VersionLoggerListener.log 命令行参数：       -Dcatalina.home=D:\tomcat8
08-Sep-2022 07:47:05.769 信息 [main] org.apache.catalina.startup.VersionLoggerListener.log 命令行参数：       -Djava.io.tmpdir=D:\tomcat8\temp
08-Sep-2022 07:47:05.770 信息 [main] org.apache.catalina.core.AprLifecycleListener.lifecycleEvent 使用APR版本[1.7.0]加载了基于APR的Apache Tomcat本机库[1.2.35]。
08-Sep-2022 07:47:05.771 信息 [main] org.apache.catalina.core.AprLifecycleListener.lifecycleEvent APR功能：IPv6[true]、sendfile[true]、accept filters[false]、random[true]、UDS [{4}]。
08-Sep-2022 07:47:05.771 信息 [main] org.apache.catalina.core.AprLifecycleListener.lifecycleEvent APR/OpenSSL配置：useAprConnector[false]，useOpenSSL[true]
08-Sep-2022 07:47:05.775 信息 [main] org.apache.catalina.core.AprLifecycleListener.initializeSSL OpenSSL成功初始化 [OpenSSL 1.1.1q  5 Jul 2022]
08-Sep-2022 07:47:05.960 信息 [main] org.apache.coyote.AbstractProtocol.init 初始化协议处理器 ["http-nio-8080"]
08-Sep-2022 07:47:05.971 信息 [main] org.apache.catalina.startup.Catalina.load Initialization processed in 425 ms
08-Sep-2022 07:47:05.989 信息 [main] org.apache.catalina.core.StandardService.startInternal 正在启动服务[Catalina]
08-Sep-2022 07:47:05.989 信息 [main] org.apache.catalina.core.StandardEngine.startInternal 正在启动 Servlet 引擎：[Apache Tomcat/8.5.82]
08-Sep-2022 07:47:05.997 信息 [localhost-startStop-1] org.apache.catalina.startup.HostConfig.deployDirectory 把web 应用程序部署到目录 [D:\tomcat8\webapps\docs]
08-Sep-2022 07:47:06.229 警告 [localhost-startStop-1] org.apache.catalina.util.SessionIdGeneratorBase.createSecureRandom 使用[SHA1PRNG]创建会话ID生成的SecureRandom实例花费了[131]毫秒。
08-Sep-2022 07:47:06.241 信息 [localhost-startStop-1] org.apache.catalina.startup.HostConfig.deployDirectory Web应用程序目录[D:\tomcat8\webapps\docs]的部署已在[244]毫秒内完成
08-Sep-2022 07:47:06.242 信息 [localhost-startStop-1] org.apache.catalina.startup.HostConfig.deployDirectory 把web 应用程序部署到目录 [D:\tomcat8\webapps\examples]
08-Sep-2022 07:47:06.421 信息 [localhost-startStop-1] org.apache.catalina.startup.HostConfig.deployDirectory Web应用程序目录[D:\tomcat8\webapps\examples]的部署已在[179]毫秒内完成
08-Sep-2022 07:47:06.423 信息 [localhost-startStop-1] org.apache.catalina.startup.HostConfig.deployDirectory 把web 应用程序部署到目录 [D:\tomcat8\webapps\host-manager]
08-Sep-2022 07:47:06.441 信息 [localhost-startStop-1] org.apache.catalina.startup.HostConfig.deployDirectory Web应用程序目录[D:\tomcat8\webapps\host-manager]的部署已在[18]毫秒内完成
08-Sep-2022 07:47:06.441 信息 [localhost-startStop-1] org.apache.catalina.startup.HostConfig.deployDirectory 把web 应用程序部署到目录 [D:\tomcat8\webapps\manager]
08-Sep-2022 07:47:06.455 信息 [localhost-startStop-1] org.apache.catalina.startup.HostConfig.deployDirectory Web应用程序目录[D:\tomcat8\webapps\manager]的部署已在[13]毫秒内完成
08-Sep-2022 07:47:06.455 信息 [localhost-startStop-1] org.apache.catalina.startup.HostConfig.deployDirectory 把web 应用程序部署到目录 [D:\tomcat8\webapps\ROOT]
08-Sep-2022 07:47:06.468 信息 [localhost-startStop-1] org.apache.catalina.startup.HostConfig.deployDirectory Web应用程序目录[D:\tomcat8\webapps\ROOT]的部署已在[13]毫秒内完成
08-Sep-2022 07:47:06.470 信息 [main] org.apache.coyote.AbstractProtocol.start 开始协议处理句柄["http-nio-8080"]
08-Sep-2022 07:47:06.503 信息 [main] org.apache.catalina.startup.Catalina.start Server startup in 532 ms
08-Sep-2022 07:47:43.027 信息 [Thread-3] org.apache.coyote.AbstractProtocol.pause 暂停ProtocolHandler["http-nio-8080"]
08-Sep-2022 07:47:43.178 信息 [Thread-3] org.apache.catalina.core.StandardService.stopInternal 正在停止服务[Catalina]
08-Sep-2022 07:47:43.190 信息 [Thread-3] org.apache.coyote.AbstractProtocol.stop 正在停止ProtocolHandler ["http-nio-8080"]
08-Sep-2022 07:47:43.217 信息 [Thread-3] org.apache.coyote.AbstractProtocol.destroy 正在摧毁协议处理器 ["http-nio-8080"]
08-Sep-2022 11:53:13.074 信息 [main] org.apache.catalina.startup.VersionLoggerListener.log Server.服务器版本: Apache Tomcat/8.5.82
08-Sep-2022 11:53:13.139 信息 [main] org.apache.catalina.startup.VersionLoggerListener.log 服务器构建:        Aug 8 2022 21:26:07 UTC
08-Sep-2022 11:53:13.139 信息 [main] org.apache.catalina.startup.VersionLoggerListener.log 服务器版本号:      8.5.82.0
08-Sep-2022 11:53:13.141 信息 [main] org.apache.catalina.startup.VersionLoggerListener.log 操作系统名称:      Windows 10
08-Sep-2022 11:53:13.141 信息 [main] org.apache.catalina.startup.VersionLoggerListener.log OS.版本:           10.0
08-Sep-2022 11:53:13.141 信息 [main] org.apache.catalina.startup.VersionLoggerListener.log 架构:              amd64
08-Sep-2022 11:53:13.141 信息 [main] org.apache.catalina.startup.VersionLoggerListener.log Java 环境变量:     C:\Program Files\Java\jdk1.8.0_202\jre
08-Sep-2022 11:53:13.141 信息 [main] org.apache.catalina.startup.VersionLoggerListener.log Java虚拟机版本:    1.8.0_202-b08
08-Sep-2022 11:53:13.142 信息 [main] org.apache.catalina.startup.VersionLoggerListener.log JVM.供应商:        Oracle Corporation
08-Sep-2022 11:53:13.142 信息 [main] org.apache.catalina.startup.VersionLoggerListener.log CATALINA_BASE:     D:\tomcat8
08-Sep-2022 11:53:13.142 信息 [main] org.apache.catalina.startup.VersionLoggerListener.log CATALINA_HOME:     D:\tomcat8
08-Sep-2022 11:53:13.142 信息 [main] org.apache.catalina.startup.VersionLoggerListener.log 命令行参数：       -Djava.util.logging.config.file=D:\tomcat8\conf\logging.properties
08-Sep-2022 11:53:13.142 信息 [main] org.apache.catalina.startup.VersionLoggerListener.log 命令行参数：       -Djava.util.logging.manager=org.apache.juli.ClassLoaderLogManager
08-Sep-2022 11:53:13.143 信息 [main] org.apache.catalina.startup.VersionLoggerListener.log 命令行参数：       -Djdk.tls.ephemeralDHKeySize=2048
08-Sep-2022 11:53:13.143 信息 [main] org.apache.catalina.startup.VersionLoggerListener.log 命令行参数：       -Djava.protocol.handler.pkgs=org.apache.catalina.webresources
08-Sep-2022 11:53:13.143 信息 [main] org.apache.catalina.startup.VersionLoggerListener.log 命令行参数：       -Dignore.endorsed.dirs=
08-Sep-2022 11:53:13.144 信息 [main] org.apache.catalina.startup.VersionLoggerListener.log 命令行参数：       -Dcatalina.base=D:\tomcat8
08-Sep-2022 11:53:13.144 信息 [main] org.apache.catalina.startup.VersionLoggerListener.log 命令行参数：       -Dcatalina.home=D:\tomcat8
08-Sep-2022 11:53:13.145 信息 [main] org.apache.catalina.startup.VersionLoggerListener.log 命令行参数：       -Djava.io.tmpdir=D:\tomcat8\temp
08-Sep-2022 11:53:13.145 信息 [main] org.apache.catalina.core.AprLifecycleListener.lifecycleEvent 使用APR版本[1.7.0]加载了基于APR的Apache Tomcat本机库[1.2.35]。
08-Sep-2022 11:53:13.146 信息 [main] org.apache.catalina.core.AprLifecycleListener.lifecycleEvent APR功能：IPv6[true]、sendfile[true]、accept filters[false]、random[true]、UDS [{4}]。
08-Sep-2022 11:53:13.147 信息 [main] org.apache.catalina.core.AprLifecycleListener.lifecycleEvent APR/OpenSSL配置：useAprConnector[false]，useOpenSSL[true]
08-Sep-2022 11:53:13.150 信息 [main] org.apache.catalina.core.AprLifecycleListener.initializeSSL OpenSSL成功初始化 [OpenSSL 1.1.1q  5 Jul 2022]
08-Sep-2022 11:53:13.539 信息 [main] org.apache.coyote.AbstractProtocol.init 初始化协议处理器 ["http-nio-8080"]
08-Sep-2022 11:53:13.549 信息 [main] org.apache.catalina.startup.Catalina.load Initialization processed in 679 ms
08-Sep-2022 11:53:13.586 信息 [main] org.apache.catalina.core.StandardService.startInternal 正在启动服务[Catalina]
08-Sep-2022 11:53:13.586 信息 [main] org.apache.catalina.core.StandardEngine.startInternal 正在启动 Servlet 引擎：[Apache Tomcat/8.5.82]
08-Sep-2022 11:53:13.611 信息 [localhost-startStop-1] org.apache.catalina.startup.HostConfig.deployDirectory 把web 应用程序部署到目录 [D:\tomcat8\webapps\docs]
08-Sep-2022 11:53:13.850 警告 [localhost-startStop-1] org.apache.catalina.util.SessionIdGeneratorBase.createSecureRandom 使用[SHA1PRNG]创建会话ID生成的SecureRandom实例花费了[129]毫秒。
08-Sep-2022 11:53:13.951 信息 [localhost-startStop-1] org.apache.catalina.startup.HostConfig.deployDirectory Web应用程序目录[D:\tomcat8\webapps\docs]的部署已在[340]毫秒内完成
08-Sep-2022 11:53:13.951 信息 [localhost-startStop-1] org.apache.catalina.startup.HostConfig.deployDirectory 把web 应用程序部署到目录 [D:\tomcat8\webapps\examples]
08-Sep-2022 11:53:14.140 信息 [localhost-startStop-1] org.apache.catalina.startup.HostConfig.deployDirectory Web应用程序目录[D:\tomcat8\webapps\examples]的部署已在[188]毫秒内完成
08-Sep-2022 11:53:14.142 信息 [localhost-startStop-1] org.apache.catalina.startup.HostConfig.deployDirectory 把web 应用程序部署到目录 [D:\tomcat8\webapps\host-manager]
08-Sep-2022 11:53:14.161 信息 [localhost-startStop-1] org.apache.catalina.startup.HostConfig.deployDirectory Web应用程序目录[D:\tomcat8\webapps\host-manager]的部署已在[19]毫秒内完成
08-Sep-2022 11:53:14.162 信息 [localhost-startStop-1] org.apache.catalina.startup.HostConfig.deployDirectory 把web 应用程序部署到目录 [D:\tomcat8\webapps\manager]
08-Sep-2022 11:53:14.179 信息 [localhost-startStop-1] org.apache.catalina.startup.HostConfig.deployDirectory Web应用程序目录[D:\tomcat8\webapps\manager]的部署已在[17]毫秒内完成
08-Sep-2022 11:53:14.179 信息 [localhost-startStop-1] org.apache.catalina.startup.HostConfig.deployDirectory 把web 应用程序部署到目录 [D:\tomcat8\webapps\ROOT]
08-Sep-2022 11:53:14.194 信息 [localhost-startStop-1] org.apache.catalina.startup.HostConfig.deployDirectory Web应用程序目录[D:\tomcat8\webapps\ROOT]的部署已在[15]毫秒内完成
08-Sep-2022 11:53:14.196 信息 [main] org.apache.coyote.AbstractProtocol.start 开始协议处理句柄["http-nio-8080"]
08-Sep-2022 11:53:14.265 信息 [main] org.apache.catalina.startup.Catalina.start Server startup in 692 ms
08-Sep-2022 12:02:59.875 信息 [Thread-3] org.apache.coyote.AbstractProtocol.pause 暂停ProtocolHandler["http-nio-8080"]
08-Sep-2022 12:03:00.004 信息 [Thread-3] org.apache.catalina.core.StandardService.stopInternal 正在停止服务[Catalina]
08-Sep-2022 12:03:00.046 信息 [Thread-3] org.apache.coyote.AbstractProtocol.stop 正在停止ProtocolHandler ["http-nio-8080"]
08-Sep-2022 12:03:00.057 信息 [Thread-3] org.apache.coyote.AbstractProtocol.destroy 正在摧毁协议处理器 ["http-nio-8080"]
08-Sep-2022 12:50:00.586 信息 [main] org.apache.catalina.startup.VersionLoggerListener.log Server.服务器版本: Apache Tomcat/8.5.82
08-Sep-2022 12:50:00.654 信息 [main] org.apache.catalina.startup.VersionLoggerListener.log 服务器构建:        Aug 8 2022 21:26:07 UTC
08-Sep-2022 12:50:00.654 信息 [main] org.apache.catalina.startup.VersionLoggerListener.log 服务器版本号:      8.5.82.0
08-Sep-2022 12:50:00.658 信息 [main] org.apache.catalina.startup.VersionLoggerListener.log 操作系统名称:      Windows 10
08-Sep-2022 12:50:00.659 信息 [main] org.apache.catalina.startup.VersionLoggerListener.log OS.版本:           10.0
08-Sep-2022 12:50:00.659 信息 [main] org.apache.catalina.startup.VersionLoggerListener.log 架构:              amd64
08-Sep-2022 12:50:00.659 信息 [main] org.apache.catalina.startup.VersionLoggerListener.log Java 环境变量:     C:\Program Files\Java\jdk1.8.0_202\jre
08-Sep-2022 12:50:00.659 信息 [main] org.apache.catalina.startup.VersionLoggerListener.log Java虚拟机版本:    1.8.0_202-b08
08-Sep-2022 12:50:00.659 信息 [main] org.apache.catalina.startup.VersionLoggerListener.log JVM.供应商:        Oracle Corporation
08-Sep-2022 12:50:00.660 信息 [main] org.apache.catalina.startup.VersionLoggerListener.log CATALINA_BASE:     D:\tomcat8
08-Sep-2022 12:50:00.660 信息 [main] org.apache.catalina.startup.VersionLoggerListener.log CATALINA_HOME:     D:\tomcat8
08-Sep-2022 12:50:00.660 信息 [main] org.apache.catalina.startup.VersionLoggerListener.log 命令行参数：       -Djava.util.logging.config.file=D:\tomcat8\conf\logging.properties
08-Sep-2022 12:50:00.661 信息 [main] org.apache.catalina.startup.VersionLoggerListener.log 命令行参数：       -Djava.util.logging.manager=org.apache.juli.ClassLoaderLogManager
08-Sep-2022 12:50:00.661 信息 [main] org.apache.catalina.startup.VersionLoggerListener.log 命令行参数：       -Djdk.tls.ephemeralDHKeySize=2048
08-Sep-2022 12:50:00.661 信息 [main] org.apache.catalina.startup.VersionLoggerListener.log 命令行参数：       -Djava.protocol.handler.pkgs=org.apache.catalina.webresources
08-Sep-2022 12:50:00.661 信息 [main] org.apache.catalina.startup.VersionLoggerListener.log 命令行参数：       -Dignore.endorsed.dirs=
08-Sep-2022 12:50:00.662 信息 [main] org.apache.catalina.startup.VersionLoggerListener.log 命令行参数：       -Dcatalina.base=D:\tomcat8
08-Sep-2022 12:50:00.662 信息 [main] org.apache.catalina.startup.VersionLoggerListener.log 命令行参数：       -Dcatalina.home=D:\tomcat8
08-Sep-2022 12:50:00.663 信息 [main] org.apache.catalina.startup.VersionLoggerListener.log 命令行参数：       -Djava.io.tmpdir=D:\tomcat8\temp
08-Sep-2022 12:50:00.663 信息 [main] org.apache.catalina.core.AprLifecycleListener.lifecycleEvent 使用APR版本[1.7.0]加载了基于APR的Apache Tomcat本机库[1.2.35]。
08-Sep-2022 12:50:00.664 信息 [main] org.apache.catalina.core.AprLifecycleListener.lifecycleEvent APR功能：IPv6[true]、sendfile[true]、accept filters[false]、random[true]、UDS [{4}]。
08-Sep-2022 12:50:00.851 信息 [main] org.apache.catalina.core.AprLifecycleListener.lifecycleEvent APR/OpenSSL配置：useAprConnector[false]，useOpenSSL[true]
08-Sep-2022 12:50:00.857 信息 [main] org.apache.catalina.core.AprLifecycleListener.initializeSSL OpenSSL成功初始化 [OpenSSL 1.1.1q  5 Jul 2022]
08-Sep-2022 12:50:00.999 信息 [main] org.apache.coyote.AbstractProtocol.init 初始化协议处理器 ["http-nio-8080"]
08-Sep-2022 12:50:01.009 信息 [main] org.apache.catalina.startup.Catalina.load Initialization processed in 635 ms
08-Sep-2022 12:50:01.048 信息 [main] org.apache.catalina.core.StandardService.startInternal 正在启动服务[Catalina]
08-Sep-2022 12:50:01.048 信息 [main] org.apache.catalina.core.StandardEngine.startInternal 正在启动 Servlet 引擎：[Apache Tomcat/8.5.82]
08-Sep-2022 12:50:01.072 信息 [localhost-startStop-1] org.apache.catalina.startup.HostConfig.deployDirectory 把web 应用程序部署到目录 [D:\tomcat8\webapps\docs]
08-Sep-2022 12:50:01.348 警告 [localhost-startStop-1] org.apache.catalina.util.SessionIdGeneratorBase.createSecureRandom 使用[SHA1PRNG]创建会话ID生成的SecureRandom实例花费了[163]毫秒。
08-Sep-2022 12:50:01.459 信息 [localhost-startStop-1] org.apache.catalina.startup.HostConfig.deployDirectory Web应用程序目录[D:\tomcat8\webapps\docs]的部署已在[387]毫秒内完成
08-Sep-2022 12:50:01.460 信息 [localhost-startStop-1] org.apache.catalina.startup.HostConfig.deployDirectory 把web 应用程序部署到目录 [D:\tomcat8\webapps\examples]
08-Sep-2022 12:50:01.650 信息 [localhost-startStop-1] org.apache.catalina.startup.HostConfig.deployDirectory Web应用程序目录[D:\tomcat8\webapps\examples]的部署已在[190]毫秒内完成
08-Sep-2022 12:50:01.651 信息 [localhost-startStop-1] org.apache.catalina.startup.HostConfig.deployDirectory 把web 应用程序部署到目录 [D:\tomcat8\webapps\host-manager]
08-Sep-2022 12:50:01.669 信息 [localhost-startStop-1] org.apache.catalina.startup.HostConfig.deployDirectory Web应用程序目录[D:\tomcat8\webapps\host-manager]的部署已在[18]毫秒内完成
08-Sep-2022 12:50:01.670 信息 [localhost-startStop-1] org.apache.catalina.startup.HostConfig.deployDirectory 把web 应用程序部署到目录 [D:\tomcat8\webapps\manager]
08-Sep-2022 12:50:01.684 信息 [localhost-startStop-1] org.apache.catalina.startup.HostConfig.deployDirectory Web应用程序目录[D:\tomcat8\webapps\manager]的部署已在[14]毫秒内完成
08-Sep-2022 12:50:01.684 信息 [localhost-startStop-1] org.apache.catalina.startup.HostConfig.deployDirectory 把web 应用程序部署到目录 [D:\tomcat8\webapps\ROOT]
08-Sep-2022 12:50:01.696 信息 [localhost-startStop-1] org.apache.catalina.startup.HostConfig.deployDirectory Web应用程序目录[D:\tomcat8\webapps\ROOT]的部署已在[12]毫秒内完成
08-Sep-2022 12:50:01.698 信息 [main] org.apache.coyote.AbstractProtocol.start 开始协议处理句柄["http-nio-8080"]
08-Sep-2022 12:50:01.737 信息 [main] org.apache.catalina.startup.Catalina.start Server startup in 702 ms
08-Sep-2022 12:51:46.384 信息 [main] org.apache.catalina.core.StandardServer.await 通过关闭端口接收到有效的关闭命令。正在停止服务器实例。
08-Sep-2022 12:51:46.447 信息 [main] org.apache.coyote.AbstractProtocol.pause 暂停ProtocolHandler["http-nio-8080"]
08-Sep-2022 12:51:46.625 信息 [main] org.apache.catalina.core.StandardService.stopInternal 正在停止服务[Catalina]
08-Sep-2022 12:51:46.652 信息 [main] org.apache.coyote.AbstractProtocol.stop 正在停止ProtocolHandler ["http-nio-8080"]
08-Sep-2022 12:51:46.659 信息 [main] org.apache.coyote.AbstractProtocol.destroy 正在摧毁协议处理器 ["http-nio-8080"]
