12-Sep-2022 10:02:58.886 信息 [main] org.apache.catalina.startup.VersionLoggerListener.log Server.服务器版本: Apache Tomcat/8.5.82
12-Sep-2022 10:02:58.936 信息 [main] org.apache.catalina.startup.VersionLoggerListener.log 服务器构建:        Aug 8 2022 21:26:07 UTC
12-Sep-2022 10:02:58.936 信息 [main] org.apache.catalina.startup.VersionLoggerListener.log 服务器版本号:      8.5.82.0
12-Sep-2022 10:02:58.938 信息 [main] org.apache.catalina.startup.VersionLoggerListener.log 操作系统名称:      Windows 10
12-Sep-2022 10:02:58.938 信息 [main] org.apache.catalina.startup.VersionLoggerListener.log OS.版本:           10.0
12-Sep-2022 10:02:58.938 信息 [main] org.apache.catalina.startup.VersionLoggerListener.log 架构:              amd64
12-Sep-2022 10:02:58.939 信息 [main] org.apache.catalina.startup.VersionLoggerListener.log Java 环境变量:     C:\Program Files\Java\jdk1.8.0_202\jre
12-Sep-2022 10:02:58.939 信息 [main] org.apache.catalina.startup.VersionLoggerListener.log Java虚拟机版本:    1.8.0_202-b08
12-Sep-2022 10:02:58.939 信息 [main] org.apache.catalina.startup.VersionLoggerListener.log JVM.供应商:        Oracle Corporation
12-Sep-2022 10:02:58.939 信息 [main] org.apache.catalina.startup.VersionLoggerListener.log CATALINA_BASE:     D:\dev\tomcat8
12-Sep-2022 10:02:58.939 信息 [main] org.apache.catalina.startup.VersionLoggerListener.log CATALINA_HOME:     D:\dev\tomcat8
12-Sep-2022 10:02:58.939 信息 [main] org.apache.catalina.startup.VersionLoggerListener.log 命令行参数：       -Djava.util.logging.config.file=D:\dev\tomcat8\conf\logging.properties
12-Sep-2022 10:02:58.940 信息 [main] org.apache.catalina.startup.VersionLoggerListener.log 命令行参数：       -Djava.util.logging.manager=org.apache.juli.ClassLoaderLogManager
12-Sep-2022 10:02:58.940 信息 [main] org.apache.catalina.startup.VersionLoggerListener.log 命令行参数：       -Djdk.tls.ephemeralDHKeySize=2048
12-Sep-2022 10:02:58.940 信息 [main] org.apache.catalina.startup.VersionLoggerListener.log 命令行参数：       -Djava.protocol.handler.pkgs=org.apache.catalina.webresources
12-Sep-2022 10:02:58.940 信息 [main] org.apache.catalina.startup.VersionLoggerListener.log 命令行参数：       -Dignore.endorsed.dirs=
12-Sep-2022 10:02:58.941 信息 [main] org.apache.catalina.startup.VersionLoggerListener.log 命令行参数：       -Dcatalina.base=D:\dev\tomcat8
12-Sep-2022 10:02:58.941 信息 [main] org.apache.catalina.startup.VersionLoggerListener.log 命令行参数：       -Dcatalina.home=D:\dev\tomcat8
12-Sep-2022 10:02:58.942 信息 [main] org.apache.catalina.startup.VersionLoggerListener.log 命令行参数：       -Djava.io.tmpdir=D:\dev\tomcat8\temp
12-Sep-2022 10:02:58.942 信息 [main] org.apache.catalina.core.AprLifecycleListener.lifecycleEvent 使用APR版本[1.7.0]加载了基于APR的Apache Tomcat本机库[1.2.35]。
12-Sep-2022 10:02:58.943 信息 [main] org.apache.catalina.core.AprLifecycleListener.lifecycleEvent APR功能：IPv6[true]、sendfile[true]、accept filters[false]、random[true]、UDS [{4}]。
12-Sep-2022 10:02:58.944 信息 [main] org.apache.catalina.core.AprLifecycleListener.lifecycleEvent APR/OpenSSL配置：useAprConnector[false]，useOpenSSL[true]
12-Sep-2022 10:02:58.964 信息 [main] org.apache.catalina.core.AprLifecycleListener.initializeSSL OpenSSL成功初始化 [OpenSSL 1.1.1q  5 Jul 2022]
12-Sep-2022 10:02:59.325 信息 [main] org.apache.coyote.AbstractProtocol.init 初始化协议处理器 ["http-nio-8080"]
12-Sep-2022 10:02:59.345 信息 [main] org.apache.catalina.startup.Catalina.load Initialization processed in 825 ms
12-Sep-2022 10:02:59.380 信息 [main] org.apache.catalina.core.StandardService.startInternal 正在启动服务[Catalina]
12-Sep-2022 10:02:59.381 信息 [main] org.apache.catalina.core.StandardEngine.startInternal 正在启动 Servlet 引擎：[Apache Tomcat/8.5.82]
12-Sep-2022 10:02:59.404 信息 [localhost-startStop-1] org.apache.catalina.startup.HostConfig.deployDirectory 把web 应用程序部署到目录 [D:\dev\tomcat8\webapps\docs]
12-Sep-2022 10:02:59.728 警告 [localhost-startStop-1] org.apache.catalina.util.SessionIdGeneratorBase.createSecureRandom 使用[SHA1PRNG]创建会话ID生成的SecureRandom实例花费了[168]毫秒。
12-Sep-2022 10:02:59.802 信息 [localhost-startStop-1] org.apache.catalina.startup.HostConfig.deployDirectory Web应用程序目录[D:\dev\tomcat8\webapps\docs]的部署已在[398]毫秒内完成
12-Sep-2022 10:02:59.804 信息 [localhost-startStop-1] org.apache.catalina.startup.HostConfig.deployDirectory 把web 应用程序部署到目录 [D:\dev\tomcat8\webapps\examples]
12-Sep-2022 10:03:00.046 信息 [localhost-startStop-1] org.apache.catalina.startup.HostConfig.deployDirectory Web应用程序目录[D:\dev\tomcat8\webapps\examples]的部署已在[242]毫秒内完成
12-Sep-2022 10:03:00.048 信息 [localhost-startStop-1] org.apache.catalina.startup.HostConfig.deployDirectory 把web 应用程序部署到目录 [D:\dev\tomcat8\webapps\host-manager]
12-Sep-2022 10:03:00.070 信息 [localhost-startStop-1] org.apache.catalina.startup.HostConfig.deployDirectory Web应用程序目录[D:\dev\tomcat8\webapps\host-manager]的部署已在[22]毫秒内完成
12-Sep-2022 10:03:00.072 信息 [localhost-startStop-1] org.apache.catalina.startup.HostConfig.deployDirectory 把web 应用程序部署到目录 [D:\dev\tomcat8\webapps\manager]
12-Sep-2022 10:03:00.088 信息 [localhost-startStop-1] org.apache.catalina.startup.HostConfig.deployDirectory Web应用程序目录[D:\dev\tomcat8\webapps\manager]的部署已在[16]毫秒内完成
12-Sep-2022 10:03:00.089 信息 [localhost-startStop-1] org.apache.catalina.startup.HostConfig.deployDirectory 把web 应用程序部署到目录 [D:\dev\tomcat8\webapps\ROOT]
12-Sep-2022 10:03:00.102 信息 [localhost-startStop-1] org.apache.catalina.startup.HostConfig.deployDirectory Web应用程序目录[D:\dev\tomcat8\webapps\ROOT]的部署已在[13]毫秒内完成
12-Sep-2022 10:03:00.105 信息 [main] org.apache.coyote.AbstractProtocol.start 开始协议处理句柄["http-nio-8080"]
12-Sep-2022 10:03:00.160 信息 [main] org.apache.catalina.startup.Catalina.start Server startup in 800 ms
12-Sep-2022 10:19:39.628 信息 [Thread-3] org.apache.coyote.AbstractProtocol.pause 暂停ProtocolHandler["http-nio-8080"]
12-Sep-2022 10:19:40.010 信息 [Thread-3] org.apache.catalina.core.StandardService.stopInternal 正在停止服务[Catalina]
12-Sep-2022 10:19:40.080 信息 [Thread-3] org.apache.coyote.AbstractProtocol.stop 正在停止ProtocolHandler ["http-nio-8080"]
12-Sep-2022 10:19:40.086 信息 [Thread-3] org.apache.coyote.AbstractProtocol.destroy 正在摧毁协议处理器 ["http-nio-8080"]
12-Sep-2022 10:23:56.079 信息 [main] org.apache.catalina.startup.VersionLoggerListener.log Server.服务器版本: Apache Tomcat/8.5.82
12-Sep-2022 10:23:56.088 信息 [main] org.apache.catalina.startup.VersionLoggerListener.log 服务器构建:        Aug 8 2022 21:26:07 UTC
12-Sep-2022 10:23:56.099 信息 [main] org.apache.catalina.startup.VersionLoggerListener.log 服务器版本号:      8.5.82.0
12-Sep-2022 10:23:56.099 信息 [main] org.apache.catalina.startup.VersionLoggerListener.log 操作系统名称:      Windows 10
12-Sep-2022 10:23:56.099 信息 [main] org.apache.catalina.startup.VersionLoggerListener.log OS.版本:           10.0
12-Sep-2022 10:23:56.099 信息 [main] org.apache.catalina.startup.VersionLoggerListener.log 架构:              amd64
12-Sep-2022 10:23:56.099 信息 [main] org.apache.catalina.startup.VersionLoggerListener.log Java 环境变量:     C:\Program Files\Java\jdk1.8.0_202\jre
12-Sep-2022 10:23:56.099 信息 [main] org.apache.catalina.startup.VersionLoggerListener.log Java虚拟机版本:    1.8.0_202-b08
12-Sep-2022 10:23:56.099 信息 [main] org.apache.catalina.startup.VersionLoggerListener.log JVM.供应商:        Oracle Corporation
12-Sep-2022 10:23:56.101 信息 [main] org.apache.catalina.startup.VersionLoggerListener.log CATALINA_BASE:     D:\dev\tomcat8
12-Sep-2022 10:23:56.101 信息 [main] org.apache.catalina.startup.VersionLoggerListener.log CATALINA_HOME:     D:\dev\tomcat8
12-Sep-2022 10:23:56.101 信息 [main] org.apache.catalina.startup.VersionLoggerListener.log 命令行参数：       -Djava.util.logging.config.file=D:\dev\tomcat8\conf\logging.properties
12-Sep-2022 10:23:56.101 信息 [main] org.apache.catalina.startup.VersionLoggerListener.log 命令行参数：       -Djava.util.logging.manager=org.apache.juli.ClassLoaderLogManager
12-Sep-2022 10:23:56.101 信息 [main] org.apache.catalina.startup.VersionLoggerListener.log 命令行参数：       -Djdk.tls.ephemeralDHKeySize=2048
12-Sep-2022 10:23:56.101 信息 [main] org.apache.catalina.startup.VersionLoggerListener.log 命令行参数：       -Djava.protocol.handler.pkgs=org.apache.catalina.webresources
12-Sep-2022 10:23:56.101 信息 [main] org.apache.catalina.startup.VersionLoggerListener.log 命令行参数：       -Dignore.endorsed.dirs=
12-Sep-2022 10:23:56.101 信息 [main] org.apache.catalina.startup.VersionLoggerListener.log 命令行参数：       -Dcatalina.base=D:\dev\tomcat8
12-Sep-2022 10:23:56.101 信息 [main] org.apache.catalina.startup.VersionLoggerListener.log 命令行参数：       -Dcatalina.home=D:\dev\tomcat8
12-Sep-2022 10:23:56.103 信息 [main] org.apache.catalina.startup.VersionLoggerListener.log 命令行参数：       -Djava.io.tmpdir=D:\dev\tomcat8\temp
12-Sep-2022 10:23:56.103 信息 [main] org.apache.catalina.core.AprLifecycleListener.lifecycleEvent 使用APR版本[1.7.0]加载了基于APR的Apache Tomcat本机库[1.2.35]。
12-Sep-2022 10:23:56.103 信息 [main] org.apache.catalina.core.AprLifecycleListener.lifecycleEvent APR功能：IPv6[true]、sendfile[true]、accept filters[false]、random[true]、UDS [{4}]。
12-Sep-2022 10:23:56.103 信息 [main] org.apache.catalina.core.AprLifecycleListener.lifecycleEvent APR/OpenSSL配置：useAprConnector[false]，useOpenSSL[true]
12-Sep-2022 10:23:56.107 信息 [main] org.apache.catalina.core.AprLifecycleListener.initializeSSL OpenSSL成功初始化 [OpenSSL 1.1.1q  5 Jul 2022]
12-Sep-2022 10:23:56.307 信息 [main] org.apache.coyote.AbstractProtocol.init 初始化协议处理器 ["http-nio-8080"]
12-Sep-2022 10:23:56.319 信息 [main] org.apache.catalina.startup.Catalina.load Initialization processed in 464 ms
12-Sep-2022 10:23:56.336 信息 [main] org.apache.catalina.core.StandardService.startInternal 正在启动服务[Catalina]
12-Sep-2022 10:23:56.337 信息 [main] org.apache.catalina.core.StandardEngine.startInternal 正在启动 Servlet 引擎：[Apache Tomcat/8.5.82]
12-Sep-2022 10:23:56.343 信息 [localhost-startStop-1] org.apache.catalina.startup.HostConfig.deployDirectory 把web 应用程序部署到目录 [D:\dev\tomcat8\webapps\docs]
12-Sep-2022 10:23:56.636 警告 [localhost-startStop-1] org.apache.catalina.util.SessionIdGeneratorBase.createSecureRandom 使用[SHA1PRNG]创建会话ID生成的SecureRandom实例花费了[165]毫秒。
12-Sep-2022 10:23:56.648 信息 [localhost-startStop-1] org.apache.catalina.startup.HostConfig.deployDirectory Web应用程序目录[D:\dev\tomcat8\webapps\docs]的部署已在[305]毫秒内完成
12-Sep-2022 10:23:56.667 信息 [localhost-startStop-1] org.apache.catalina.startup.HostConfig.deployDirectory 把web 应用程序部署到目录 [D:\dev\tomcat8\webapps\examples]
12-Sep-2022 10:23:56.858 信息 [localhost-startStop-1] org.apache.catalina.startup.HostConfig.deployDirectory Web应用程序目录[D:\dev\tomcat8\webapps\examples]的部署已在[191]毫秒内完成
12-Sep-2022 10:23:56.858 信息 [localhost-startStop-1] org.apache.catalina.startup.HostConfig.deployDirectory 把web 应用程序部署到目录 [D:\dev\tomcat8\webapps\host-manager]
12-Sep-2022 10:23:56.877 信息 [localhost-startStop-1] org.apache.catalina.startup.HostConfig.deployDirectory Web应用程序目录[D:\dev\tomcat8\webapps\host-manager]的部署已在[19]毫秒内完成
12-Sep-2022 10:23:56.877 信息 [localhost-startStop-1] org.apache.catalina.startup.HostConfig.deployDirectory 把web 应用程序部署到目录 [D:\dev\tomcat8\webapps\manager]
12-Sep-2022 10:23:56.894 信息 [localhost-startStop-1] org.apache.catalina.startup.HostConfig.deployDirectory Web应用程序目录[D:\dev\tomcat8\webapps\manager]的部署已在[17]毫秒内完成
12-Sep-2022 10:23:56.894 信息 [localhost-startStop-1] org.apache.catalina.startup.HostConfig.deployDirectory 把web 应用程序部署到目录 [D:\dev\tomcat8\webapps\ROOT]
12-Sep-2022 10:23:56.906 信息 [localhost-startStop-1] org.apache.catalina.startup.HostConfig.deployDirectory Web应用程序目录[D:\dev\tomcat8\webapps\ROOT]的部署已在[12]毫秒内完成
12-Sep-2022 10:23:56.908 信息 [main] org.apache.coyote.AbstractProtocol.start 开始协议处理句柄["http-nio-8080"]
12-Sep-2022 10:23:56.946 信息 [main] org.apache.catalina.startup.Catalina.start Server startup in 624 ms
12-Sep-2022 10:24:44.122 信息 [Thread-3] org.apache.coyote.AbstractProtocol.pause 暂停ProtocolHandler["http-nio-8080"]
12-Sep-2022 10:24:44.277 信息 [Thread-3] org.apache.catalina.core.StandardService.stopInternal 正在停止服务[Catalina]
12-Sep-2022 10:24:44.290 信息 [Thread-3] org.apache.coyote.AbstractProtocol.stop 正在停止ProtocolHandler ["http-nio-8080"]
12-Sep-2022 10:24:44.312 信息 [Thread-3] org.apache.coyote.AbstractProtocol.destroy 正在摧毁协议处理器 ["http-nio-8080"]
12-Sep-2022 10:57:25.763 信息 [main] org.apache.catalina.startup.VersionLoggerListener.log Server.服务器版本: Apache Tomcat/8.5.82
12-Sep-2022 10:57:25.768 信息 [main] org.apache.catalina.startup.VersionLoggerListener.log 服务器构建:        Aug 8 2022 21:26:07 UTC
12-Sep-2022 10:57:25.770 信息 [main] org.apache.catalina.startup.VersionLoggerListener.log 服务器版本号:      8.5.82.0
12-Sep-2022 10:57:25.770 信息 [main] org.apache.catalina.startup.VersionLoggerListener.log 操作系统名称:      Windows 10
12-Sep-2022 10:57:25.771 信息 [main] org.apache.catalina.startup.VersionLoggerListener.log OS.版本:           10.0
12-Sep-2022 10:57:25.771 信息 [main] org.apache.catalina.startup.VersionLoggerListener.log 架构:              amd64
12-Sep-2022 10:57:25.771 信息 [main] org.apache.catalina.startup.VersionLoggerListener.log Java 环境变量:     C:\Program Files\Java\jdk1.8.0_202\jre
12-Sep-2022 10:57:25.771 信息 [main] org.apache.catalina.startup.VersionLoggerListener.log Java虚拟机版本:    1.8.0_202-b08
12-Sep-2022 10:57:25.771 信息 [main] org.apache.catalina.startup.VersionLoggerListener.log JVM.供应商:        Oracle Corporation
12-Sep-2022 10:57:25.771 信息 [main] org.apache.catalina.startup.VersionLoggerListener.log CATALINA_BASE:     D:\dev\tomcat8
12-Sep-2022 10:57:25.772 信息 [main] org.apache.catalina.startup.VersionLoggerListener.log CATALINA_HOME:     D:\dev\tomcat8
12-Sep-2022 10:57:25.772 信息 [main] org.apache.catalina.startup.VersionLoggerListener.log 命令行参数：       -Djava.util.logging.config.file=D:\dev\tomcat8\conf\logging.properties
12-Sep-2022 10:57:25.772 信息 [main] org.apache.catalina.startup.VersionLoggerListener.log 命令行参数：       -Djava.util.logging.manager=org.apache.juli.ClassLoaderLogManager
12-Sep-2022 10:57:25.772 信息 [main] org.apache.catalina.startup.VersionLoggerListener.log 命令行参数：       -Djdk.tls.ephemeralDHKeySize=2048
12-Sep-2022 10:57:25.772 信息 [main] org.apache.catalina.startup.VersionLoggerListener.log 命令行参数：       -Djava.protocol.handler.pkgs=org.apache.catalina.webresources
12-Sep-2022 10:57:25.773 信息 [main] org.apache.catalina.startup.VersionLoggerListener.log 命令行参数：       -Dignore.endorsed.dirs=
12-Sep-2022 10:57:25.773 信息 [main] org.apache.catalina.startup.VersionLoggerListener.log 命令行参数：       -Dcatalina.base=D:\dev\tomcat8
12-Sep-2022 10:57:25.773 信息 [main] org.apache.catalina.startup.VersionLoggerListener.log 命令行参数：       -Dcatalina.home=D:\dev\tomcat8
12-Sep-2022 10:57:25.773 信息 [main] org.apache.catalina.startup.VersionLoggerListener.log 命令行参数：       -Djava.io.tmpdir=D:\dev\tomcat8\temp
12-Sep-2022 10:57:25.774 信息 [main] org.apache.catalina.core.AprLifecycleListener.lifecycleEvent 使用APR版本[1.7.0]加载了基于APR的Apache Tomcat本机库[1.2.35]。
12-Sep-2022 10:57:25.774 信息 [main] org.apache.catalina.core.AprLifecycleListener.lifecycleEvent APR功能：IPv6[true]、sendfile[true]、accept filters[false]、random[true]、UDS [{4}]。
12-Sep-2022 10:57:25.774 信息 [main] org.apache.catalina.core.AprLifecycleListener.lifecycleEvent APR/OpenSSL配置：useAprConnector[false]，useOpenSSL[true]
12-Sep-2022 10:57:25.779 信息 [main] org.apache.catalina.core.AprLifecycleListener.initializeSSL OpenSSL成功初始化 [OpenSSL 1.1.1q  5 Jul 2022]
12-Sep-2022 10:57:25.978 信息 [main] org.apache.coyote.AbstractProtocol.init 初始化协议处理器 ["http-nio-8080"]
12-Sep-2022 10:57:25.988 信息 [main] org.apache.catalina.startup.Catalina.load Initialization processed in 437 ms
12-Sep-2022 10:57:26.002 信息 [main] org.apache.catalina.core.StandardService.startInternal 正在启动服务[Catalina]
12-Sep-2022 10:57:26.002 信息 [main] org.apache.catalina.core.StandardEngine.startInternal 正在启动 Servlet 引擎：[Apache Tomcat/8.5.82]
12-Sep-2022 10:57:26.010 信息 [localhost-startStop-1] org.apache.catalina.startup.HostConfig.deployDirectory 把web 应用程序部署到目录 [D:\dev\tomcat8\webapps\docs]
12-Sep-2022 10:57:26.300 警告 [localhost-startStop-1] org.apache.catalina.util.SessionIdGeneratorBase.createSecureRandom 使用[SHA1PRNG]创建会话ID生成的SecureRandom实例花费了[172]毫秒。
12-Sep-2022 10:57:26.313 信息 [localhost-startStop-1] org.apache.catalina.startup.HostConfig.deployDirectory Web应用程序目录[D:\dev\tomcat8\webapps\docs]的部署已在[303]毫秒内完成
12-Sep-2022 10:57:26.313 信息 [localhost-startStop-1] org.apache.catalina.startup.HostConfig.deployDirectory 把web 应用程序部署到目录 [D:\dev\tomcat8\webapps\examples]
12-Sep-2022 10:57:26.516 信息 [localhost-startStop-1] org.apache.catalina.startup.HostConfig.deployDirectory Web应用程序目录[D:\dev\tomcat8\webapps\examples]的部署已在[203]毫秒内完成
12-Sep-2022 10:57:26.517 信息 [localhost-startStop-1] org.apache.catalina.startup.HostConfig.deployDirectory 把web 应用程序部署到目录 [D:\dev\tomcat8\webapps\host-manager]
12-Sep-2022 10:57:26.536 信息 [localhost-startStop-1] org.apache.catalina.startup.HostConfig.deployDirectory Web应用程序目录[D:\dev\tomcat8\webapps\host-manager]的部署已在[19]毫秒内完成
12-Sep-2022 10:57:26.536 信息 [localhost-startStop-1] org.apache.catalina.startup.HostConfig.deployDirectory 把web 应用程序部署到目录 [D:\dev\tomcat8\webapps\manager]
12-Sep-2022 10:57:26.551 信息 [localhost-startStop-1] org.apache.catalina.startup.HostConfig.deployDirectory Web应用程序目录[D:\dev\tomcat8\webapps\manager]的部署已在[15]毫秒内完成
12-Sep-2022 10:57:26.551 信息 [localhost-startStop-1] org.apache.catalina.startup.HostConfig.deployDirectory 把web 应用程序部署到目录 [D:\dev\tomcat8\webapps\ROOT]
12-Sep-2022 10:57:26.564 信息 [localhost-startStop-1] org.apache.catalina.startup.HostConfig.deployDirectory Web应用程序目录[D:\dev\tomcat8\webapps\ROOT]的部署已在[13]毫秒内完成
12-Sep-2022 10:57:26.566 信息 [main] org.apache.coyote.AbstractProtocol.start 开始协议处理句柄["http-nio-8080"]
12-Sep-2022 10:57:26.604 信息 [main] org.apache.catalina.startup.Catalina.start Server startup in 616 ms
12-Sep-2022 11:08:20.131 信息 [main] org.apache.catalina.startup.VersionLoggerListener.log Server.服务器版本: Apache Tomcat/8.5.82
12-Sep-2022 11:08:20.139 信息 [main] org.apache.catalina.startup.VersionLoggerListener.log 服务器构建:        Aug 8 2022 21:26:07 UTC
12-Sep-2022 11:08:20.142 信息 [main] org.apache.catalina.startup.VersionLoggerListener.log 服务器版本号:      8.5.82.0
12-Sep-2022 11:08:20.142 信息 [main] org.apache.catalina.startup.VersionLoggerListener.log 操作系统名称:      Windows 10
12-Sep-2022 11:08:20.142 信息 [main] org.apache.catalina.startup.VersionLoggerListener.log OS.版本:           10.0
12-Sep-2022 11:08:20.142 信息 [main] org.apache.catalina.startup.VersionLoggerListener.log 架构:              amd64
12-Sep-2022 11:08:20.143 信息 [main] org.apache.catalina.startup.VersionLoggerListener.log Java 环境变量:     C:\Program Files\Java\jdk1.8.0_202\jre
12-Sep-2022 11:08:20.143 信息 [main] org.apache.catalina.startup.VersionLoggerListener.log Java虚拟机版本:    1.8.0_202-b08
12-Sep-2022 11:08:20.143 信息 [main] org.apache.catalina.startup.VersionLoggerListener.log JVM.供应商:        Oracle Corporation
12-Sep-2022 11:08:20.143 信息 [main] org.apache.catalina.startup.VersionLoggerListener.log CATALINA_BASE:     D:\dev\tomcat8
12-Sep-2022 11:08:20.144 信息 [main] org.apache.catalina.startup.VersionLoggerListener.log CATALINA_HOME:     D:\dev\tomcat8
12-Sep-2022 11:08:20.144 信息 [main] org.apache.catalina.startup.VersionLoggerListener.log 命令行参数：       -Djava.util.logging.config.file=D:\dev\tomcat8\conf\logging.properties
12-Sep-2022 11:08:20.144 信息 [main] org.apache.catalina.startup.VersionLoggerListener.log 命令行参数：       -Djava.util.logging.manager=org.apache.juli.ClassLoaderLogManager
12-Sep-2022 11:08:20.145 信息 [main] org.apache.catalina.startup.VersionLoggerListener.log 命令行参数：       -Djdk.tls.ephemeralDHKeySize=2048
12-Sep-2022 11:08:20.145 信息 [main] org.apache.catalina.startup.VersionLoggerListener.log 命令行参数：       -Djava.protocol.handler.pkgs=org.apache.catalina.webresources
12-Sep-2022 11:08:20.145 信息 [main] org.apache.catalina.startup.VersionLoggerListener.log 命令行参数：       -Dignore.endorsed.dirs=
12-Sep-2022 11:08:20.145 信息 [main] org.apache.catalina.startup.VersionLoggerListener.log 命令行参数：       -Dcatalina.base=D:\dev\tomcat8
12-Sep-2022 11:08:20.145 信息 [main] org.apache.catalina.startup.VersionLoggerListener.log 命令行参数：       -Dcatalina.home=D:\dev\tomcat8
12-Sep-2022 11:08:20.146 信息 [main] org.apache.catalina.startup.VersionLoggerListener.log 命令行参数：       -Djava.io.tmpdir=D:\dev\tomcat8\temp
12-Sep-2022 11:08:20.146 信息 [main] org.apache.catalina.core.AprLifecycleListener.lifecycleEvent 使用APR版本[1.7.0]加载了基于APR的Apache Tomcat本机库[1.2.35]。
12-Sep-2022 11:08:20.147 信息 [main] org.apache.catalina.core.AprLifecycleListener.lifecycleEvent APR功能：IPv6[true]、sendfile[true]、accept filters[false]、random[true]、UDS [{4}]。
12-Sep-2022 11:08:20.147 信息 [main] org.apache.catalina.core.AprLifecycleListener.lifecycleEvent APR/OpenSSL配置：useAprConnector[false]，useOpenSSL[true]
12-Sep-2022 11:08:20.151 信息 [main] org.apache.catalina.core.AprLifecycleListener.initializeSSL OpenSSL成功初始化 [OpenSSL 1.1.1q  5 Jul 2022]
12-Sep-2022 11:08:20.337 信息 [main] org.apache.coyote.AbstractProtocol.init 初始化协议处理器 ["http-nio-8080"]
12-Sep-2022 11:08:20.345 严重 [main] org.apache.catalina.core.StandardService.initInternal Failed to initialize connector [Connector[HTTP/1.1-8080]]
	org.apache.catalina.LifecycleException: 协议处理程序初始化失败
		at org.apache.catalina.connector.Connector.initInternal(Connector.java:1115)
		at org.apache.catalina.util.LifecycleBase.init(LifecycleBase.java:136)
		at org.apache.catalina.core.StandardService.initInternal(StandardService.java:571)
		at org.apache.catalina.util.LifecycleBase.init(LifecycleBase.java:136)
		at org.apache.catalina.core.StandardServer.initInternal(StandardServer.java:874)
		at org.apache.catalina.util.LifecycleBase.init(LifecycleBase.java:136)
		at org.apache.catalina.startup.Catalina.load(Catalina.java:646)
		at org.apache.catalina.startup.Catalina.load(Catalina.java:669)
		at sun.reflect.NativeMethodAccessorImpl.invoke0(Native Method)
		at sun.reflect.NativeMethodAccessorImpl.invoke(NativeMethodAccessorImpl.java:62)
		at sun.reflect.DelegatingMethodAccessorImpl.invoke(DelegatingMethodAccessorImpl.java:43)
		at java.lang.reflect.Method.invoke(Method.java:498)
		at org.apache.catalina.startup.Bootstrap.load(Bootstrap.java:305)
		at org.apache.catalina.startup.Bootstrap.main(Bootstrap.java:475)
	Caused by: java.net.BindException: Address already in use: bind
		at sun.nio.ch.Net.bind0(Native Method)
		at sun.nio.ch.Net.bind(Net.java:433)
		at sun.nio.ch.Net.bind(Net.java:425)
		at sun.nio.ch.ServerSocketChannelImpl.bind(ServerSocketChannelImpl.java:223)
		at sun.nio.ch.ServerSocketAdaptor.bind(ServerSocketAdaptor.java:74)
		at org.apache.tomcat.util.net.NioEndpoint.initServerSocket(NioEndpoint.java:225)
		at org.apache.tomcat.util.net.NioEndpoint.bind(NioEndpoint.java:201)
		at org.apache.tomcat.util.net.AbstractEndpoint.bindWithCleanup(AbstractEndpoint.java:1221)
		at org.apache.tomcat.util.net.AbstractEndpoint.init(AbstractEndpoint.java:1234)
		at org.apache.tomcat.util.net.AbstractJsseEndpoint.init(AbstractJsseEndpoint.java:230)
		at org.apache.coyote.AbstractProtocol.init(AbstractProtocol.java:633)
		at org.apache.coyote.http11.AbstractHttp11Protocol.init(AbstractHttp11Protocol.java:80)
		at org.apache.catalina.connector.Connector.initInternal(Connector.java:1112)
		... 13 more
12-Sep-2022 11:08:20.346 信息 [main] org.apache.catalina.startup.Catalina.load Initialization processed in 433 ms
12-Sep-2022 11:08:20.362 信息 [main] org.apache.catalina.core.StandardService.startInternal 正在启动服务[Catalina]
12-Sep-2022 11:08:20.365 信息 [main] org.apache.catalina.core.StandardEngine.startInternal 正在启动 Servlet 引擎：[Apache Tomcat/8.5.82]
12-Sep-2022 11:08:20.372 信息 [localhost-startStop-1] org.apache.catalina.startup.HostConfig.deployDirectory 把web 应用程序部署到目录 [D:\dev\tomcat8\webapps\docs]
12-Sep-2022 11:08:20.677 警告 [localhost-startStop-1] org.apache.catalina.util.SessionIdGeneratorBase.createSecureRandom 使用[SHA1PRNG]创建会话ID生成的SecureRandom实例花费了[184]毫秒。
12-Sep-2022 11:08:20.690 信息 [localhost-startStop-1] org.apache.catalina.startup.HostConfig.deployDirectory Web应用程序目录[D:\dev\tomcat8\webapps\docs]的部署已在[318]毫秒内完成
12-Sep-2022 11:08:20.690 信息 [localhost-startStop-1] org.apache.catalina.startup.HostConfig.deployDirectory 把web 应用程序部署到目录 [D:\dev\tomcat8\webapps\examples]
12-Sep-2022 11:08:20.898 信息 [localhost-startStop-1] org.apache.catalina.startup.HostConfig.deployDirectory Web应用程序目录[D:\dev\tomcat8\webapps\examples]的部署已在[208]毫秒内完成
12-Sep-2022 11:08:20.899 信息 [localhost-startStop-1] org.apache.catalina.startup.HostConfig.deployDirectory 把web 应用程序部署到目录 [D:\dev\tomcat8\webapps\host-manager]
12-Sep-2022 11:08:20.924 信息 [localhost-startStop-1] org.apache.catalina.startup.HostConfig.deployDirectory Web应用程序目录[D:\dev\tomcat8\webapps\host-manager]的部署已在[25]毫秒内完成
12-Sep-2022 11:08:20.924 信息 [localhost-startStop-1] org.apache.catalina.startup.HostConfig.deployDirectory 把web 应用程序部署到目录 [D:\dev\tomcat8\webapps\manager]
12-Sep-2022 11:08:20.939 信息 [localhost-startStop-1] org.apache.catalina.startup.HostConfig.deployDirectory Web应用程序目录[D:\dev\tomcat8\webapps\manager]的部署已在[15]毫秒内完成
12-Sep-2022 11:08:20.939 信息 [localhost-startStop-1] org.apache.catalina.startup.HostConfig.deployDirectory 把web 应用程序部署到目录 [D:\dev\tomcat8\webapps\ROOT]
12-Sep-2022 11:08:20.953 信息 [localhost-startStop-1] org.apache.catalina.startup.HostConfig.deployDirectory Web应用程序目录[D:\dev\tomcat8\webapps\ROOT]的部署已在[14]毫秒内完成
12-Sep-2022 11:08:20.955 信息 [main] org.apache.catalina.startup.Catalina.start Server startup in 608 ms
12-Sep-2022 11:08:20.960 严重 [main] org.apache.catalina.core.StandardServer.await 无法在地址[localhost]和端口[8005]上创建服务器关闭套接字（基本端口[8005]和偏移量[0]）
	java.net.BindException: Address already in use: JVM_Bind
		at java.net.DualStackPlainSocketImpl.bind0(Native Method)
		at java.net.DualStackPlainSocketImpl.socketBind(DualStackPlainSocketImpl.java:106)
		at java.net.AbstractPlainSocketImpl.bind(AbstractPlainSocketImpl.java:387)
		at java.net.PlainSocketImpl.bind(PlainSocketImpl.java:190)
		at java.net.ServerSocket.bind(ServerSocket.java:375)
		at java.net.ServerSocket.<init>(ServerSocket.java:237)
		at org.apache.catalina.core.StandardServer.await(StandardServer.java:446)
		at org.apache.catalina.startup.Catalina.await(Catalina.java:783)
		at org.apache.catalina.startup.Catalina.start(Catalina.java:729)
		at sun.reflect.NativeMethodAccessorImpl.invoke0(Native Method)
		at sun.reflect.NativeMethodAccessorImpl.invoke(NativeMethodAccessorImpl.java:62)
		at sun.reflect.DelegatingMethodAccessorImpl.invoke(DelegatingMethodAccessorImpl.java:43)
		at java.lang.reflect.Method.invoke(Method.java:498)
		at org.apache.catalina.startup.Bootstrap.start(Bootstrap.java:345)
		at org.apache.catalina.startup.Bootstrap.main(Bootstrap.java:476)
12-Sep-2022 11:08:20.962 信息 [main] org.apache.coyote.AbstractProtocol.pause 暂停ProtocolHandler["http-nio-8080"]
12-Sep-2022 11:08:20.963 信息 [main] org.apache.catalina.core.StandardService.stopInternal 正在停止服务[Catalina]
12-Sep-2022 11:08:20.975 信息 [main] org.apache.coyote.AbstractProtocol.stop 正在停止ProtocolHandler ["http-nio-8080"]
12-Sep-2022 11:08:20.977 信息 [main] org.apache.coyote.AbstractProtocol.destroy 正在摧毁协议处理器 ["http-nio-8080"]
12-Sep-2022 11:23:51.179 信息 [Thread-3] org.apache.coyote.AbstractProtocol.pause 暂停ProtocolHandler["http-nio-8080"]
12-Sep-2022 11:23:51.511 信息 [Thread-3] org.apache.catalina.core.StandardService.stopInternal 正在停止服务[Catalina]
12-Sep-2022 11:23:51.533 信息 [Thread-3] org.apache.coyote.AbstractProtocol.stop 正在停止ProtocolHandler ["http-nio-8080"]
12-Sep-2022 11:23:51.547 信息 [Thread-3] org.apache.coyote.AbstractProtocol.destroy 正在摧毁协议处理器 ["http-nio-8080"]
12-Sep-2022 11:32:50.152 信息 [main] org.apache.catalina.startup.VersionLoggerListener.log Server.服务器版本: Apache Tomcat/8.5.82
12-Sep-2022 11:32:50.160 信息 [main] org.apache.catalina.startup.VersionLoggerListener.log 服务器构建:        Aug 8 2022 21:26:07 UTC
12-Sep-2022 11:32:50.162 信息 [main] org.apache.catalina.startup.VersionLoggerListener.log 服务器版本号:      8.5.82.0
12-Sep-2022 11:32:50.162 信息 [main] org.apache.catalina.startup.VersionLoggerListener.log 操作系统名称:      Windows 10
12-Sep-2022 11:32:50.162 信息 [main] org.apache.catalina.startup.VersionLoggerListener.log OS.版本:           10.0
12-Sep-2022 11:32:50.163 信息 [main] org.apache.catalina.startup.VersionLoggerListener.log 架构:              amd64
12-Sep-2022 11:32:50.163 信息 [main] org.apache.catalina.startup.VersionLoggerListener.log Java 环境变量:     C:\Program Files\Java\jdk1.8.0_202\jre
12-Sep-2022 11:32:50.163 信息 [main] org.apache.catalina.startup.VersionLoggerListener.log Java虚拟机版本:    1.8.0_202-b08
12-Sep-2022 11:32:50.163 信息 [main] org.apache.catalina.startup.VersionLoggerListener.log JVM.供应商:        Oracle Corporation
12-Sep-2022 11:32:50.163 信息 [main] org.apache.catalina.startup.VersionLoggerListener.log CATALINA_BASE:     D:\dev\tomcat8
12-Sep-2022 11:32:50.163 信息 [main] org.apache.catalina.startup.VersionLoggerListener.log CATALINA_HOME:     D:\dev\tomcat8
12-Sep-2022 11:32:50.164 信息 [main] org.apache.catalina.startup.VersionLoggerListener.log 命令行参数：       -Djava.util.logging.config.file=D:\dev\tomcat8\conf\logging.properties
12-Sep-2022 11:32:50.164 信息 [main] org.apache.catalina.startup.VersionLoggerListener.log 命令行参数：       -Djava.util.logging.manager=org.apache.juli.ClassLoaderLogManager
12-Sep-2022 11:32:50.164 信息 [main] org.apache.catalina.startup.VersionLoggerListener.log 命令行参数：       -Djdk.tls.ephemeralDHKeySize=2048
12-Sep-2022 11:32:50.164 信息 [main] org.apache.catalina.startup.VersionLoggerListener.log 命令行参数：       -Djava.protocol.handler.pkgs=org.apache.catalina.webresources
12-Sep-2022 11:32:50.164 信息 [main] org.apache.catalina.startup.VersionLoggerListener.log 命令行参数：       -Dignore.endorsed.dirs=
12-Sep-2022 11:32:50.165 信息 [main] org.apache.catalina.startup.VersionLoggerListener.log 命令行参数：       -Dcatalina.base=D:\dev\tomcat8
12-Sep-2022 11:32:50.165 信息 [main] org.apache.catalina.startup.VersionLoggerListener.log 命令行参数：       -Dcatalina.home=D:\dev\tomcat8
12-Sep-2022 11:32:50.165 信息 [main] org.apache.catalina.startup.VersionLoggerListener.log 命令行参数：       -Djava.io.tmpdir=D:\dev\tomcat8\temp
12-Sep-2022 11:32:50.166 信息 [main] org.apache.catalina.core.AprLifecycleListener.lifecycleEvent 使用APR版本[1.7.0]加载了基于APR的Apache Tomcat本机库[1.2.35]。
12-Sep-2022 11:32:50.166 信息 [main] org.apache.catalina.core.AprLifecycleListener.lifecycleEvent APR功能：IPv6[true]、sendfile[true]、accept filters[false]、random[true]、UDS [{4}]。
12-Sep-2022 11:32:50.166 信息 [main] org.apache.catalina.core.AprLifecycleListener.lifecycleEvent APR/OpenSSL配置：useAprConnector[false]，useOpenSSL[true]
12-Sep-2022 11:32:50.170 信息 [main] org.apache.catalina.core.AprLifecycleListener.initializeSSL OpenSSL成功初始化 [OpenSSL 1.1.1q  5 Jul 2022]
12-Sep-2022 11:32:50.363 信息 [main] org.apache.coyote.AbstractProtocol.init 初始化协议处理器 ["http-nio-8080"]
12-Sep-2022 11:32:50.377 信息 [main] org.apache.catalina.startup.Catalina.load Initialization processed in 447 ms
12-Sep-2022 11:32:50.393 信息 [main] org.apache.catalina.core.StandardService.startInternal 正在启动服务[Catalina]
12-Sep-2022 11:32:50.394 信息 [main] org.apache.catalina.core.StandardEngine.startInternal 正在启动 Servlet 引擎：[Apache Tomcat/8.5.82]
12-Sep-2022 11:32:50.400 信息 [localhost-startStop-1] org.apache.catalina.startup.HostConfig.deployDirectory 把web 应用程序部署到目录 [D:\dev\tomcat8\webapps\docs]
12-Sep-2022 11:32:50.687 警告 [localhost-startStop-1] org.apache.catalina.util.SessionIdGeneratorBase.createSecureRandom 使用[SHA1PRNG]创建会话ID生成的SecureRandom实例花费了[171]毫秒。
12-Sep-2022 11:32:50.700 信息 [localhost-startStop-1] org.apache.catalina.startup.HostConfig.deployDirectory Web应用程序目录[D:\dev\tomcat8\webapps\docs]的部署已在[299]毫秒内完成
12-Sep-2022 11:32:50.700 信息 [localhost-startStop-1] org.apache.catalina.startup.HostConfig.deployDirectory 把web 应用程序部署到目录 [D:\dev\tomcat8\webapps\examples]
12-Sep-2022 11:32:50.898 信息 [localhost-startStop-1] org.apache.catalina.startup.HostConfig.deployDirectory Web应用程序目录[D:\dev\tomcat8\webapps\examples]的部署已在[198]毫秒内完成
12-Sep-2022 11:32:50.899 信息 [localhost-startStop-1] org.apache.catalina.startup.HostConfig.deployDirectory 把web 应用程序部署到目录 [D:\dev\tomcat8\webapps\host-manager]
12-Sep-2022 11:32:50.921 信息 [localhost-startStop-1] org.apache.catalina.startup.HostConfig.deployDirectory Web应用程序目录[D:\dev\tomcat8\webapps\host-manager]的部署已在[22]毫秒内完成
12-Sep-2022 11:32:50.921 信息 [localhost-startStop-1] org.apache.catalina.startup.HostConfig.deployDirectory 把web 应用程序部署到目录 [D:\dev\tomcat8\webapps\manager]
12-Sep-2022 11:32:50.935 信息 [localhost-startStop-1] org.apache.catalina.startup.HostConfig.deployDirectory Web应用程序目录[D:\dev\tomcat8\webapps\manager]的部署已在[14]毫秒内完成
12-Sep-2022 11:32:50.935 信息 [localhost-startStop-1] org.apache.catalina.startup.HostConfig.deployDirectory 把web 应用程序部署到目录 [D:\dev\tomcat8\webapps\ROOT]
12-Sep-2022 11:32:50.946 信息 [localhost-startStop-1] org.apache.catalina.startup.HostConfig.deployDirectory Web应用程序目录[D:\dev\tomcat8\webapps\ROOT]的部署已在[11]毫秒内完成
12-Sep-2022 11:32:50.948 信息 [main] org.apache.coyote.AbstractProtocol.start 开始协议处理句柄["http-nio-8080"]
12-Sep-2022 11:32:50.985 信息 [main] org.apache.catalina.startup.Catalina.start Server startup in 607 ms
12-Sep-2022 11:43:28.254 信息 [main] org.apache.catalina.core.StandardServer.await 通过关闭端口接收到有效的关闭命令。正在停止服务器实例。
12-Sep-2022 11:43:28.255 信息 [main] org.apache.coyote.AbstractProtocol.pause 暂停ProtocolHandler["http-nio-8080"]
12-Sep-2022 11:43:28.595 信息 [main] org.apache.catalina.core.StandardService.stopInternal 正在停止服务[Catalina]
12-Sep-2022 11:43:28.622 信息 [main] org.apache.coyote.AbstractProtocol.stop 正在停止ProtocolHandler ["http-nio-8080"]
12-Sep-2022 11:43:28.639 信息 [main] org.apache.coyote.AbstractProtocol.destroy 正在摧毁协议处理器 ["http-nio-8080"]
12-Sep-2022 14:37:58.642 信息 [main] org.apache.catalina.startup.VersionLoggerListener.log Server.服务器版本: Apache Tomcat/8.5.82
12-Sep-2022 14:37:58.651 信息 [main] org.apache.catalina.startup.VersionLoggerListener.log 服务器构建:        Aug 8 2022 21:26:07 UTC
12-Sep-2022 14:37:58.674 信息 [main] org.apache.catalina.startup.VersionLoggerListener.log 服务器版本号:      8.5.82.0
12-Sep-2022 14:37:58.674 信息 [main] org.apache.catalina.startup.VersionLoggerListener.log 操作系统名称:      Windows 10
12-Sep-2022 14:37:58.674 信息 [main] org.apache.catalina.startup.VersionLoggerListener.log OS.版本:           10.0
12-Sep-2022 14:37:58.674 信息 [main] org.apache.catalina.startup.VersionLoggerListener.log 架构:              amd64
12-Sep-2022 14:37:58.674 信息 [main] org.apache.catalina.startup.VersionLoggerListener.log Java 环境变量:     C:\Program Files\Java\jdk1.8.0_202\jre
12-Sep-2022 14:37:58.675 信息 [main] org.apache.catalina.startup.VersionLoggerListener.log Java虚拟机版本:    1.8.0_202-b08
12-Sep-2022 14:37:58.675 信息 [main] org.apache.catalina.startup.VersionLoggerListener.log JVM.供应商:        Oracle Corporation
12-Sep-2022 14:37:58.675 信息 [main] org.apache.catalina.startup.VersionLoggerListener.log CATALINA_BASE:     D:\dev\tomcat8
12-Sep-2022 14:37:58.675 信息 [main] org.apache.catalina.startup.VersionLoggerListener.log CATALINA_HOME:     D:\dev\tomcat8
12-Sep-2022 14:37:58.675 信息 [main] org.apache.catalina.startup.VersionLoggerListener.log 命令行参数：       -Djava.util.logging.config.file=D:\dev\tomcat8\conf\logging.properties
12-Sep-2022 14:37:58.675 信息 [main] org.apache.catalina.startup.VersionLoggerListener.log 命令行参数：       -Djava.util.logging.manager=org.apache.juli.ClassLoaderLogManager
12-Sep-2022 14:37:58.675 信息 [main] org.apache.catalina.startup.VersionLoggerListener.log 命令行参数：       -Djdk.tls.ephemeralDHKeySize=2048
12-Sep-2022 14:37:58.676 信息 [main] org.apache.catalina.startup.VersionLoggerListener.log 命令行参数：       -Djava.protocol.handler.pkgs=org.apache.catalina.webresources
12-Sep-2022 14:37:58.676 信息 [main] org.apache.catalina.startup.VersionLoggerListener.log 命令行参数：       -Dignore.endorsed.dirs=
12-Sep-2022 14:37:58.676 信息 [main] org.apache.catalina.startup.VersionLoggerListener.log 命令行参数：       -Dcatalina.base=D:\dev\tomcat8
12-Sep-2022 14:37:58.676 信息 [main] org.apache.catalina.startup.VersionLoggerListener.log 命令行参数：       -Dcatalina.home=D:\dev\tomcat8
12-Sep-2022 14:37:58.677 信息 [main] org.apache.catalina.startup.VersionLoggerListener.log 命令行参数：       -Djava.io.tmpdir=D:\dev\tomcat8\temp
12-Sep-2022 14:37:58.677 信息 [main] org.apache.catalina.core.AprLifecycleListener.lifecycleEvent 使用APR版本[1.7.0]加载了基于APR的Apache Tomcat本机库[1.2.35]。
12-Sep-2022 14:37:58.678 信息 [main] org.apache.catalina.core.AprLifecycleListener.lifecycleEvent APR功能：IPv6[true]、sendfile[true]、accept filters[false]、random[true]、UDS [{4}]。
12-Sep-2022 14:37:58.678 信息 [main] org.apache.catalina.core.AprLifecycleListener.lifecycleEvent APR/OpenSSL配置：useAprConnector[false]，useOpenSSL[true]
12-Sep-2022 14:37:58.682 信息 [main] org.apache.catalina.core.AprLifecycleListener.initializeSSL OpenSSL成功初始化 [OpenSSL 1.1.1q  5 Jul 2022]
12-Sep-2022 14:37:58.994 信息 [main] org.apache.coyote.AbstractProtocol.init 初始化协议处理器 ["http-nio-8080"]
12-Sep-2022 14:37:59.005 信息 [main] org.apache.catalina.startup.Catalina.load Initialization processed in 569 ms
12-Sep-2022 14:37:59.041 信息 [main] org.apache.catalina.core.StandardService.startInternal 正在启动服务[Catalina]
12-Sep-2022 14:37:59.041 信息 [main] org.apache.catalina.core.StandardEngine.startInternal 正在启动 Servlet 引擎：[Apache Tomcat/8.5.82]
12-Sep-2022 14:37:59.080 信息 [localhost-startStop-1] org.apache.catalina.startup.HostConfig.deployDirectory 把web 应用程序部署到目录 [D:\dev\tomcat8\webapps\docs]
12-Sep-2022 14:37:59.384 警告 [localhost-startStop-1] org.apache.catalina.util.SessionIdGeneratorBase.createSecureRandom 使用[SHA1PRNG]创建会话ID生成的SecureRandom实例花费了[175]毫秒。
12-Sep-2022 14:37:59.395 信息 [localhost-startStop-1] org.apache.catalina.startup.HostConfig.deployDirectory Web应用程序目录[D:\dev\tomcat8\webapps\docs]的部署已在[316]毫秒内完成
12-Sep-2022 14:37:59.443 信息 [localhost-startStop-1] org.apache.catalina.startup.HostConfig.deployDirectory 把web 应用程序部署到目录 [D:\dev\tomcat8\webapps\examples]
12-Sep-2022 14:37:59.654 信息 [localhost-startStop-1] org.apache.catalina.startup.HostConfig.deployDirectory Web应用程序目录[D:\dev\tomcat8\webapps\examples]的部署已在[211]毫秒内完成
12-Sep-2022 14:37:59.655 信息 [localhost-startStop-1] org.apache.catalina.startup.HostConfig.deployDirectory 把web 应用程序部署到目录 [D:\dev\tomcat8\webapps\host-manager]
12-Sep-2022 14:37:59.672 信息 [localhost-startStop-1] org.apache.catalina.startup.HostConfig.deployDirectory Web应用程序目录[D:\dev\tomcat8\webapps\host-manager]的部署已在[17]毫秒内完成
12-Sep-2022 14:37:59.672 信息 [localhost-startStop-1] org.apache.catalina.startup.HostConfig.deployDirectory 把web 应用程序部署到目录 [D:\dev\tomcat8\webapps\manager]
12-Sep-2022 14:37:59.686 信息 [localhost-startStop-1] org.apache.catalina.startup.HostConfig.deployDirectory Web应用程序目录[D:\dev\tomcat8\webapps\manager]的部署已在[14]毫秒内完成
12-Sep-2022 14:37:59.686 信息 [localhost-startStop-1] org.apache.catalina.startup.HostConfig.deployDirectory 把web 应用程序部署到目录 [D:\dev\tomcat8\webapps\ROOT]
12-Sep-2022 14:37:59.698 信息 [localhost-startStop-1] org.apache.catalina.startup.HostConfig.deployDirectory Web应用程序目录[D:\dev\tomcat8\webapps\ROOT]的部署已在[12]毫秒内完成
12-Sep-2022 14:37:59.699 信息 [main] org.apache.coyote.AbstractProtocol.start 开始协议处理句柄["http-nio-8080"]
12-Sep-2022 14:37:59.738 信息 [main] org.apache.catalina.startup.Catalina.start Server startup in 713 ms
12-Sep-2022 14:39:05.917 信息 [main] org.apache.catalina.core.StandardServer.await 通过关闭端口接收到有效的关闭命令。正在停止服务器实例。
12-Sep-2022 14:39:05.918 信息 [main] org.apache.coyote.AbstractProtocol.pause 暂停ProtocolHandler["http-nio-8080"]
12-Sep-2022 14:39:06.309 信息 [main] org.apache.catalina.core.StandardService.stopInternal 正在停止服务[Catalina]
12-Sep-2022 14:39:06.328 信息 [main] org.apache.coyote.AbstractProtocol.stop 正在停止ProtocolHandler ["http-nio-8080"]
12-Sep-2022 14:39:06.344 信息 [main] org.apache.coyote.AbstractProtocol.destroy 正在摧毁协议处理器 ["http-nio-8080"]
12-Sep-2022 14:39:58.540 信息 [main] org.apache.catalina.startup.VersionLoggerListener.log Server.服务器版本: Apache Tomcat/8.5.82
12-Sep-2022 14:39:58.548 信息 [main] org.apache.catalina.startup.VersionLoggerListener.log 服务器构建:        Aug 8 2022 21:26:07 UTC
12-Sep-2022 14:39:58.550 信息 [main] org.apache.catalina.startup.VersionLoggerListener.log 服务器版本号:      8.5.82.0
12-Sep-2022 14:39:58.550 信息 [main] org.apache.catalina.startup.VersionLoggerListener.log 操作系统名称:      Windows 10
12-Sep-2022 14:39:58.550 信息 [main] org.apache.catalina.startup.VersionLoggerListener.log OS.版本:           10.0
12-Sep-2022 14:39:58.551 信息 [main] org.apache.catalina.startup.VersionLoggerListener.log 架构:              amd64
12-Sep-2022 14:39:58.551 信息 [main] org.apache.catalina.startup.VersionLoggerListener.log Java 环境变量:     C:\Program Files\Java\jdk1.8.0_202\jre
12-Sep-2022 14:39:58.551 信息 [main] org.apache.catalina.startup.VersionLoggerListener.log Java虚拟机版本:    1.8.0_202-b08
12-Sep-2022 14:39:58.551 信息 [main] org.apache.catalina.startup.VersionLoggerListener.log JVM.供应商:        Oracle Corporation
12-Sep-2022 14:39:58.552 信息 [main] org.apache.catalina.startup.VersionLoggerListener.log CATALINA_BASE:     D:\dev\tomcat8
12-Sep-2022 14:39:58.552 信息 [main] org.apache.catalina.startup.VersionLoggerListener.log CATALINA_HOME:     D:\dev\tomcat8
12-Sep-2022 14:39:58.552 信息 [main] org.apache.catalina.startup.VersionLoggerListener.log 命令行参数：       -Djava.util.logging.config.file=D:\dev\tomcat8\conf\logging.properties
12-Sep-2022 14:39:58.552 信息 [main] org.apache.catalina.startup.VersionLoggerListener.log 命令行参数：       -Djava.util.logging.manager=org.apache.juli.ClassLoaderLogManager
12-Sep-2022 14:39:58.552 信息 [main] org.apache.catalina.startup.VersionLoggerListener.log 命令行参数：       -Djdk.tls.ephemeralDHKeySize=2048
12-Sep-2022 14:39:58.553 信息 [main] org.apache.catalina.startup.VersionLoggerListener.log 命令行参数：       -Djava.protocol.handler.pkgs=org.apache.catalina.webresources
12-Sep-2022 14:39:58.553 信息 [main] org.apache.catalina.startup.VersionLoggerListener.log 命令行参数：       -Dignore.endorsed.dirs=
12-Sep-2022 14:39:58.553 信息 [main] org.apache.catalina.startup.VersionLoggerListener.log 命令行参数：       -Dcatalina.base=D:\dev\tomcat8
12-Sep-2022 14:39:58.553 信息 [main] org.apache.catalina.startup.VersionLoggerListener.log 命令行参数：       -Dcatalina.home=D:\dev\tomcat8
12-Sep-2022 14:39:58.554 信息 [main] org.apache.catalina.startup.VersionLoggerListener.log 命令行参数：       -Djava.io.tmpdir=D:\dev\tomcat8\temp
12-Sep-2022 14:39:58.554 信息 [main] org.apache.catalina.core.AprLifecycleListener.lifecycleEvent 使用APR版本[1.7.0]加载了基于APR的Apache Tomcat本机库[1.2.35]。
12-Sep-2022 14:39:58.554 信息 [main] org.apache.catalina.core.AprLifecycleListener.lifecycleEvent APR功能：IPv6[true]、sendfile[true]、accept filters[false]、random[true]、UDS [{4}]。
12-Sep-2022 14:39:58.555 信息 [main] org.apache.catalina.core.AprLifecycleListener.lifecycleEvent APR/OpenSSL配置：useAprConnector[false]，useOpenSSL[true]
12-Sep-2022 14:39:58.558 信息 [main] org.apache.catalina.core.AprLifecycleListener.initializeSSL OpenSSL成功初始化 [OpenSSL 1.1.1q  5 Jul 2022]
12-Sep-2022 14:39:58.771 信息 [main] org.apache.coyote.AbstractProtocol.init 初始化协议处理器 ["http-nio-8080"]
12-Sep-2022 14:39:58.782 信息 [main] org.apache.catalina.startup.Catalina.load Initialization processed in 460 ms
12-Sep-2022 14:39:58.801 信息 [main] org.apache.catalina.core.StandardService.startInternal 正在启动服务[Catalina]
12-Sep-2022 14:39:58.802 信息 [main] org.apache.catalina.core.StandardEngine.startInternal 正在启动 Servlet 引擎：[Apache Tomcat/8.5.82]
12-Sep-2022 14:39:58.810 信息 [localhost-startStop-1] org.apache.catalina.startup.HostConfig.deployDirectory 把web 应用程序部署到目录 [D:\dev\tomcat8\webapps\docs]
12-Sep-2022 14:39:59.088 警告 [localhost-startStop-1] org.apache.catalina.util.SessionIdGeneratorBase.createSecureRandom 使用[SHA1PRNG]创建会话ID生成的SecureRandom实例花费了[168]毫秒。
12-Sep-2022 14:39:59.100 信息 [localhost-startStop-1] org.apache.catalina.startup.HostConfig.deployDirectory Web应用程序目录[D:\dev\tomcat8\webapps\docs]的部署已在[290]毫秒内完成
12-Sep-2022 14:39:59.101 信息 [localhost-startStop-1] org.apache.catalina.startup.HostConfig.deployDirectory 把web 应用程序部署到目录 [D:\dev\tomcat8\webapps\examples]
12-Sep-2022 14:39:59.309 信息 [localhost-startStop-1] org.apache.catalina.startup.HostConfig.deployDirectory Web应用程序目录[D:\dev\tomcat8\webapps\examples]的部署已在[208]毫秒内完成
12-Sep-2022 14:39:59.309 信息 [localhost-startStop-1] org.apache.catalina.startup.HostConfig.deployDirectory 把web 应用程序部署到目录 [D:\dev\tomcat8\webapps\host-manager]
12-Sep-2022 14:39:59.332 信息 [localhost-startStop-1] org.apache.catalina.startup.HostConfig.deployDirectory Web应用程序目录[D:\dev\tomcat8\webapps\host-manager]的部署已在[23]毫秒内完成
12-Sep-2022 14:39:59.332 信息 [localhost-startStop-1] org.apache.catalina.startup.HostConfig.deployDirectory 把web 应用程序部署到目录 [D:\dev\tomcat8\webapps\manager]
12-Sep-2022 14:39:59.348 信息 [localhost-startStop-1] org.apache.catalina.startup.HostConfig.deployDirectory Web应用程序目录[D:\dev\tomcat8\webapps\manager]的部署已在[15]毫秒内完成
12-Sep-2022 14:39:59.348 信息 [localhost-startStop-1] org.apache.catalina.startup.HostConfig.deployDirectory 把web 应用程序部署到目录 [D:\dev\tomcat8\webapps\ROOT]
12-Sep-2022 14:39:59.360 信息 [localhost-startStop-1] org.apache.catalina.startup.HostConfig.deployDirectory Web应用程序目录[D:\dev\tomcat8\webapps\ROOT]的部署已在[12]毫秒内完成
12-Sep-2022 14:39:59.362 信息 [main] org.apache.coyote.AbstractProtocol.start 开始协议处理句柄["http-nio-8080"]
12-Sep-2022 14:39:59.397 信息 [main] org.apache.catalina.startup.Catalina.start Server startup in 614 ms
12-Sep-2022 14:40:59.189 信息 [main] org.apache.catalina.core.StandardServer.await 通过关闭端口接收到有效的关闭命令。正在停止服务器实例。
12-Sep-2022 14:40:59.191 信息 [main] org.apache.coyote.AbstractProtocol.pause 暂停ProtocolHandler["http-nio-8080"]
12-Sep-2022 14:40:59.492 信息 [main] org.apache.catalina.core.StandardService.stopInternal 正在停止服务[Catalina]
12-Sep-2022 14:40:59.517 信息 [main] org.apache.coyote.AbstractProtocol.stop 正在停止ProtocolHandler ["http-nio-8080"]
12-Sep-2022 14:40:59.540 信息 [main] org.apache.coyote.AbstractProtocol.destroy 正在摧毁协议处理器 ["http-nio-8080"]
12-Sep-2022 14:41:38.386 信息 [main] org.apache.catalina.startup.VersionLoggerListener.log Server.服务器版本: Apache Tomcat/8.5.82
12-Sep-2022 14:41:38.396 信息 [main] org.apache.catalina.startup.VersionLoggerListener.log 服务器构建:        Aug 8 2022 21:26:07 UTC
12-Sep-2022 14:41:38.397 信息 [main] org.apache.catalina.startup.VersionLoggerListener.log 服务器版本号:      8.5.82.0
12-Sep-2022 14:41:38.397 信息 [main] org.apache.catalina.startup.VersionLoggerListener.log 操作系统名称:      Windows 10
12-Sep-2022 14:41:38.397 信息 [main] org.apache.catalina.startup.VersionLoggerListener.log OS.版本:           10.0
12-Sep-2022 14:41:38.397 信息 [main] org.apache.catalina.startup.VersionLoggerListener.log 架构:              amd64
12-Sep-2022 14:41:38.398 信息 [main] org.apache.catalina.startup.VersionLoggerListener.log Java 环境变量:     C:\Program Files\Java\jdk1.8.0_202\jre
12-Sep-2022 14:41:38.398 信息 [main] org.apache.catalina.startup.VersionLoggerListener.log Java虚拟机版本:    1.8.0_202-b08
12-Sep-2022 14:41:38.398 信息 [main] org.apache.catalina.startup.VersionLoggerListener.log JVM.供应商:        Oracle Corporation
12-Sep-2022 14:41:38.398 信息 [main] org.apache.catalina.startup.VersionLoggerListener.log CATALINA_BASE:     D:\dev\tomcat8
12-Sep-2022 14:41:38.398 信息 [main] org.apache.catalina.startup.VersionLoggerListener.log CATALINA_HOME:     D:\dev\tomcat8
12-Sep-2022 14:41:38.398 信息 [main] org.apache.catalina.startup.VersionLoggerListener.log 命令行参数：       -Djava.util.logging.config.file=D:\dev\tomcat8\conf\logging.properties
12-Sep-2022 14:41:38.398 信息 [main] org.apache.catalina.startup.VersionLoggerListener.log 命令行参数：       -Djava.util.logging.manager=org.apache.juli.ClassLoaderLogManager
12-Sep-2022 14:41:38.399 信息 [main] org.apache.catalina.startup.VersionLoggerListener.log 命令行参数：       -Djdk.tls.ephemeralDHKeySize=2048
12-Sep-2022 14:41:38.399 信息 [main] org.apache.catalina.startup.VersionLoggerListener.log 命令行参数：       -Djava.protocol.handler.pkgs=org.apache.catalina.webresources
12-Sep-2022 14:41:38.399 信息 [main] org.apache.catalina.startup.VersionLoggerListener.log 命令行参数：       -Dignore.endorsed.dirs=
12-Sep-2022 14:41:38.399 信息 [main] org.apache.catalina.startup.VersionLoggerListener.log 命令行参数：       -Dcatalina.base=D:\dev\tomcat8
12-Sep-2022 14:41:38.399 信息 [main] org.apache.catalina.startup.VersionLoggerListener.log 命令行参数：       -Dcatalina.home=D:\dev\tomcat8
12-Sep-2022 14:41:38.399 信息 [main] org.apache.catalina.startup.VersionLoggerListener.log 命令行参数：       -Djava.io.tmpdir=D:\dev\tomcat8\temp
12-Sep-2022 14:41:38.399 信息 [main] org.apache.catalina.core.AprLifecycleListener.lifecycleEvent 使用APR版本[1.7.0]加载了基于APR的Apache Tomcat本机库[1.2.35]。
12-Sep-2022 14:41:38.400 信息 [main] org.apache.catalina.core.AprLifecycleListener.lifecycleEvent APR功能：IPv6[true]、sendfile[true]、accept filters[false]、random[true]、UDS [{4}]。
12-Sep-2022 14:41:38.400 信息 [main] org.apache.catalina.core.AprLifecycleListener.lifecycleEvent APR/OpenSSL配置：useAprConnector[false]，useOpenSSL[true]
12-Sep-2022 14:41:38.406 信息 [main] org.apache.catalina.core.AprLifecycleListener.initializeSSL OpenSSL成功初始化 [OpenSSL 1.1.1q  5 Jul 2022]
12-Sep-2022 14:41:38.612 信息 [main] org.apache.coyote.AbstractProtocol.init 初始化协议处理器 ["http-nio-8080"]
12-Sep-2022 14:41:38.622 信息 [main] org.apache.catalina.startup.Catalina.load Initialization processed in 453 ms
12-Sep-2022 14:41:38.637 信息 [main] org.apache.catalina.core.StandardService.startInternal 正在启动服务[Catalina]
12-Sep-2022 14:41:38.638 信息 [main] org.apache.catalina.core.StandardEngine.startInternal 正在启动 Servlet 引擎：[Apache Tomcat/8.5.82]
12-Sep-2022 14:41:38.644 信息 [localhost-startStop-1] org.apache.catalina.startup.HostConfig.deployDirectory 把web 应用程序部署到目录 [D:\dev\tomcat8\webapps\docs]
12-Sep-2022 14:41:38.930 警告 [localhost-startStop-1] org.apache.catalina.util.SessionIdGeneratorBase.createSecureRandom 使用[SHA1PRNG]创建会话ID生成的SecureRandom实例花费了[172]毫秒。
12-Sep-2022 14:41:38.941 信息 [localhost-startStop-1] org.apache.catalina.startup.HostConfig.deployDirectory Web应用程序目录[D:\dev\tomcat8\webapps\docs]的部署已在[297]毫秒内完成
12-Sep-2022 14:41:38.942 信息 [localhost-startStop-1] org.apache.catalina.startup.HostConfig.deployDirectory 把web 应用程序部署到目录 [D:\dev\tomcat8\webapps\examples]
12-Sep-2022 14:41:39.142 信息 [localhost-startStop-1] org.apache.catalina.startup.HostConfig.deployDirectory Web应用程序目录[D:\dev\tomcat8\webapps\examples]的部署已在[200]毫秒内完成
12-Sep-2022 14:41:39.143 信息 [localhost-startStop-1] org.apache.catalina.startup.HostConfig.deployDirectory 把web 应用程序部署到目录 [D:\dev\tomcat8\webapps\host-manager]
12-Sep-2022 14:41:39.162 信息 [localhost-startStop-1] org.apache.catalina.startup.HostConfig.deployDirectory Web应用程序目录[D:\dev\tomcat8\webapps\host-manager]的部署已在[19]毫秒内完成
12-Sep-2022 14:41:39.162 信息 [localhost-startStop-1] org.apache.catalina.startup.HostConfig.deployDirectory 把web 应用程序部署到目录 [D:\dev\tomcat8\webapps\manager]
12-Sep-2022 14:41:39.176 信息 [localhost-startStop-1] org.apache.catalina.startup.HostConfig.deployDirectory Web应用程序目录[D:\dev\tomcat8\webapps\manager]的部署已在[14]毫秒内完成
12-Sep-2022 14:41:39.176 信息 [localhost-startStop-1] org.apache.catalina.startup.HostConfig.deployDirectory 把web 应用程序部署到目录 [D:\dev\tomcat8\webapps\ROOT]
12-Sep-2022 14:41:39.188 信息 [localhost-startStop-1] org.apache.catalina.startup.HostConfig.deployDirectory Web应用程序目录[D:\dev\tomcat8\webapps\ROOT]的部署已在[12]毫秒内完成
12-Sep-2022 14:41:39.190 信息 [main] org.apache.coyote.AbstractProtocol.start 开始协议处理句柄["http-nio-8080"]
12-Sep-2022 14:41:39.225 信息 [main] org.apache.catalina.startup.Catalina.start Server startup in 602 ms
12-Sep-2022 14:42:17.575 信息 [main] org.apache.catalina.core.StandardServer.await 通过关闭端口接收到有效的关闭命令。正在停止服务器实例。
12-Sep-2022 14:42:17.576 信息 [main] org.apache.coyote.AbstractProtocol.pause 暂停ProtocolHandler["http-nio-8080"]
12-Sep-2022 14:42:17.910 信息 [main] org.apache.catalina.core.StandardService.stopInternal 正在停止服务[Catalina]
12-Sep-2022 14:42:17.941 信息 [main] org.apache.coyote.AbstractProtocol.stop 正在停止ProtocolHandler ["http-nio-8080"]
12-Sep-2022 14:42:17.956 信息 [main] org.apache.coyote.AbstractProtocol.destroy 正在摧毁协议处理器 ["http-nio-8080"]
